Copyright 1986-2018 Xilinx, Inc. All Rights Reserved.
-----------------------------------------------------------------------------------------------------------------------------------------------------------------------------------------
| Tool Version : Vivado v.2018.2 (win64) Build 2258646 Thu Jun 14 20:03:12 MDT 2018
| Date         : Wed Nov  5 10:49:32 2025
| Host         : CS152B-09 running 64-bit major release  (build 9200)
| Command      : report_methodology -file TrafficController_methodology_drc_routed.rpt -pb TrafficController_methodology_drc_routed.pb -rpx TrafficController_methodology_drc_routed.rpx
| Design       : TrafficController
| Device       : xc7a35tcpg236-1
| Speed File   : -1
| Design State : Routed
-----------------------------------------------------------------------------------------------------------------------------------------------------------------------------------------

Report Methodology

Table of Contents
-----------------
1. REPORT SUMMARY
2. REPORT DETAILS

1. REPORT SUMMARY
-----------------
            Netlist: netlist
          Floorplan: checkpoint_TrafficController
      Design limits: <entire design considered>
             Max violations: <unlimited>
             Violations found: 10
+-----------+----------+-------------------------------+------------+
| Rule      | Severity | Description                   | Violations |
+-----------+----------+-------------------------------+------------+
| TIMING-18 | Warning  | Missing input or output delay | 10         |
+-----------+----------+-------------------------------+------------+

2. REPORT DETAILS
-----------------
TIMING-18#1 Warning
Missing input or output delay  
An input delay is missing on reset relative to clock(s) sys_clk_pin
Related violations: <none>

TIMING-18#2 Warning
Missing input or output delay  
An input delay is missing on traffic_sensor relative to clock(s) sys_clk_pin
Related violations: <none>

TIMING-18#3 Warning
Missing input or output delay  
An input delay is missing on walk_button relative to clock(s) sys_clk_pin
Related violations: <none>

TIMING-18#4 Warning
Missing input or output delay  
An output delay is missing on main_light[0] relative to clock(s) sys_clk_pin
Related violations: <none>

TIMING-18#5 Warning
Missing input or output delay  
An output delay is missing on main_light[1] relative to clock(s) sys_clk_pin
Related violations: <none>

TIMING-18#6 Warning
Missing input or output delay  
An output delay is missing on main_light[2] relative to clock(s) sys_clk_pin
Related violations: <none>

TIMING-18#7 Warning
Missing input or output delay  
An output delay is missing on side_light[0] relative to clock(s) sys_clk_pin
Related violations: <none>

TIMING-18#8 Warning
Missing input or output delay  
An output delay is missing on side_light[1] relative to clock(s) sys_clk_pin
Related violations: <none>

TIMING-18#9 Warning
Missing input or output delay  
An output delay is missing on side_light[2] relative to clock(s) sys_clk_pin
Related violations: <none>

TIMING-18#10 Warning
Missing input or output delay  
An output delay is missing on walk_light relative to clock(s) sys_clk_pin
Related violations: <none>


