Copyright 1986-2018 Xilinx, Inc. All Rights Reserved.
---------------------------------------------------------------------------------------------------
| Tool Version : Vivado v.2018.2 (win64) Build 2258646 Thu Jun 14 20:03:12 MDT 2018
| Date         : Fri Dec  5 11:28:40 2025
| Host         : CS152B-08 running 64-bit major release  (build 9200)
| Command      : report_drc -file main_drc_opted.rpt -pb main_drc_opted.pb -rpx main_drc_opted.rpx
| Design       : main
| Device       : xc7a35tcpg236-1
| Speed File   : -1
| Design State : Synthesized
---------------------------------------------------------------------------------------------------

Report DRC

Table of Contents
-----------------
1. REPORT SUMMARY
2. REPORT DETAILS

1. REPORT SUMMARY
-----------------
            Netlist: netlist
          Floorplan: design_1
      Design limits: <entire design considered>
           Ruledeck: default
             Max violations: <unlimited>
             Violations found: 257
+----------+----------+-----------------------------------------------------+------------+
| Rule     | Severity | Description                                         | Violations |
+----------+----------+-----------------------------------------------------+------------+
| CFGBVS-1 | Warning  | Missing CFGBVS and CONFIG_VOLTAGE Design Properties | 1          |
| DPIP-1   | Warning  | Input pipelining                                    | 128        |
| DPOP-2   | Warning  | MREG Output pipelining                              | 64         |
| REQP-30  | Advisory | enum_MREG_0_connects_CEM_GND                        | 64         |
+----------+----------+-----------------------------------------------------+------------+

2. REPORT DETAILS
-----------------
CFGBVS-1#1 Warning
Missing CFGBVS and CONFIG_VOLTAGE Design Properties  
Neither the CFGBVS nor CONFIG_VOLTAGE voltage property is set in the current_design.  Configuration bank voltage select (CFGBVS) must be set to VCCO or GND, and CONFIG_VOLTAGE must be set to the correct configuration voltage, in order to determine the I/O voltage support for the pins in bank 0.  It is suggested to specify these either using the 'Edit Device Properties' function in the GUI or directly in the XDC file using the following syntax:

 set_property CFGBVS value1 [current_design]
 #where value1 is either VCCO or GND

 set_property CONFIG_VOLTAGE value2 [current_design]
 #where value2 is the voltage provided to configuration bank 0

Refer to the device configuration user guide for more information.
Related violations: <none>

DPIP-1#1 Warning
Input pipelining  
DSP ml_core/gen_dsp[0].u_dsp/dsp_macro input ml_core/gen_dsp[0].u_dsp/dsp_macro/A[29:0] is not pipelined. Pipelining DSP48 input will improve performance.
Related violations: <none>

DPIP-1#2 Warning
Input pipelining  
DSP ml_core/gen_dsp[0].u_dsp/dsp_macro input ml_core/gen_dsp[0].u_dsp/dsp_macro/B[17:0] is not pipelined. Pipelining DSP48 input will improve performance.
Related violations: <none>

DPIP-1#3 Warning
Input pipelining  
DSP ml_core/gen_dsp[10].u_dsp/dsp_macro input ml_core/gen_dsp[10].u_dsp/dsp_macro/A[29:0] is not pipelined. Pipelining DSP48 input will improve performance.
Related violations: <none>

DPIP-1#4 Warning
Input pipelining  
DSP ml_core/gen_dsp[10].u_dsp/dsp_macro input ml_core/gen_dsp[10].u_dsp/dsp_macro/B[17:0] is not pipelined. Pipelining DSP48 input will improve performance.
Related violations: <none>

DPIP-1#5 Warning
Input pipelining  
DSP ml_core/gen_dsp[11].u_dsp/dsp_macro input ml_core/gen_dsp[11].u_dsp/dsp_macro/A[29:0] is not pipelined. Pipelining DSP48 input will improve performance.
Related violations: <none>

DPIP-1#6 Warning
Input pipelining  
DSP ml_core/gen_dsp[11].u_dsp/dsp_macro input ml_core/gen_dsp[11].u_dsp/dsp_macro/B[17:0] is not pipelined. Pipelining DSP48 input will improve performance.
Related violations: <none>

DPIP-1#7 Warning
Input pipelining  
DSP ml_core/gen_dsp[12].u_dsp/dsp_macro input ml_core/gen_dsp[12].u_dsp/dsp_macro/A[29:0] is not pipelined. Pipelining DSP48 input will improve performance.
Related violations: <none>

DPIP-1#8 Warning
Input pipelining  
DSP ml_core/gen_dsp[12].u_dsp/dsp_macro input ml_core/gen_dsp[12].u_dsp/dsp_macro/B[17:0] is not pipelined. Pipelining DSP48 input will improve performance.
Related violations: <none>

DPIP-1#9 Warning
Input pipelining  
DSP ml_core/gen_dsp[13].u_dsp/dsp_macro input ml_core/gen_dsp[13].u_dsp/dsp_macro/A[29:0] is not pipelined. Pipelining DSP48 input will improve performance.
Related violations: <none>

DPIP-1#10 Warning
Input pipelining  
DSP ml_core/gen_dsp[13].u_dsp/dsp_macro input ml_core/gen_dsp[13].u_dsp/dsp_macro/B[17:0] is not pipelined. Pipelining DSP48 input will improve performance.
Related violations: <none>

DPIP-1#11 Warning
Input pipelining  
DSP ml_core/gen_dsp[14].u_dsp/dsp_macro input ml_core/gen_dsp[14].u_dsp/dsp_macro/A[29:0] is not pipelined. Pipelining DSP48 input will improve performance.
Related violations: <none>

DPIP-1#12 Warning
Input pipelining  
DSP ml_core/gen_dsp[14].u_dsp/dsp_macro input ml_core/gen_dsp[14].u_dsp/dsp_macro/B[17:0] is not pipelined. Pipelining DSP48 input will improve performance.
Related violations: <none>

DPIP-1#13 Warning
Input pipelining  
DSP ml_core/gen_dsp[15].u_dsp/dsp_macro input ml_core/gen_dsp[15].u_dsp/dsp_macro/A[29:0] is not pipelined. Pipelining DSP48 input will improve performance.
Related violations: <none>

DPIP-1#14 Warning
Input pipelining  
DSP ml_core/gen_dsp[15].u_dsp/dsp_macro input ml_core/gen_dsp[15].u_dsp/dsp_macro/B[17:0] is not pipelined. Pipelining DSP48 input will improve performance.
Related violations: <none>

DPIP-1#15 Warning
Input pipelining  
DSP ml_core/gen_dsp[16].u_dsp/dsp_macro input ml_core/gen_dsp[16].u_dsp/dsp_macro/A[29:0] is not pipelined. Pipelining DSP48 input will improve performance.
Related violations: <none>

DPIP-1#16 Warning
Input pipelining  
DSP ml_core/gen_dsp[16].u_dsp/dsp_macro input ml_core/gen_dsp[16].u_dsp/dsp_macro/B[17:0] is not pipelined. Pipelining DSP48 input will improve performance.
Related violations: <none>

DPIP-1#17 Warning
Input pipelining  
DSP ml_core/gen_dsp[17].u_dsp/dsp_macro input ml_core/gen_dsp[17].u_dsp/dsp_macro/A[29:0] is not pipelined. Pipelining DSP48 input will improve performance.
Related violations: <none>

DPIP-1#18 Warning
Input pipelining  
DSP ml_core/gen_dsp[17].u_dsp/dsp_macro input ml_core/gen_dsp[17].u_dsp/dsp_macro/B[17:0] is not pipelined. Pipelining DSP48 input will improve performance.
Related violations: <none>

DPIP-1#19 Warning
Input pipelining  
DSP ml_core/gen_dsp[18].u_dsp/dsp_macro input ml_core/gen_dsp[18].u_dsp/dsp_macro/A[29:0] is not pipelined. Pipelining DSP48 input will improve performance.
Related violations: <none>

DPIP-1#20 Warning
Input pipelining  
DSP ml_core/gen_dsp[18].u_dsp/dsp_macro input ml_core/gen_dsp[18].u_dsp/dsp_macro/B[17:0] is not pipelined. Pipelining DSP48 input will improve performance.
Related violations: <none>

DPIP-1#21 Warning
Input pipelining  
DSP ml_core/gen_dsp[19].u_dsp/dsp_macro input ml_core/gen_dsp[19].u_dsp/dsp_macro/A[29:0] is not pipelined. Pipelining DSP48 input will improve performance.
Related violations: <none>

DPIP-1#22 Warning
Input pipelining  
DSP ml_core/gen_dsp[19].u_dsp/dsp_macro input ml_core/gen_dsp[19].u_dsp/dsp_macro/B[17:0] is not pipelined. Pipelining DSP48 input will improve performance.
Related violations: <none>

DPIP-1#23 Warning
Input pipelining  
DSP ml_core/gen_dsp[1].u_dsp/dsp_macro input ml_core/gen_dsp[1].u_dsp/dsp_macro/A[29:0] is not pipelined. Pipelining DSP48 input will improve performance.
Related violations: <none>

DPIP-1#24 Warning
Input pipelining  
DSP ml_core/gen_dsp[1].u_dsp/dsp_macro input ml_core/gen_dsp[1].u_dsp/dsp_macro/B[17:0] is not pipelined. Pipelining DSP48 input will improve performance.
Related violations: <none>

DPIP-1#25 Warning
Input pipelining  
DSP ml_core/gen_dsp[20].u_dsp/dsp_macro input ml_core/gen_dsp[20].u_dsp/dsp_macro/A[29:0] is not pipelined. Pipelining DSP48 input will improve performance.
Related violations: <none>

DPIP-1#26 Warning
Input pipelining  
DSP ml_core/gen_dsp[20].u_dsp/dsp_macro input ml_core/gen_dsp[20].u_dsp/dsp_macro/B[17:0] is not pipelined. Pipelining DSP48 input will improve performance.
Related violations: <none>

DPIP-1#27 Warning
Input pipelining  
DSP ml_core/gen_dsp[21].u_dsp/dsp_macro input ml_core/gen_dsp[21].u_dsp/dsp_macro/A[29:0] is not pipelined. Pipelining DSP48 input will improve performance.
Related violations: <none>

DPIP-1#28 Warning
Input pipelining  
DSP ml_core/gen_dsp[21].u_dsp/dsp_macro input ml_core/gen_dsp[21].u_dsp/dsp_macro/B[17:0] is not pipelined. Pipelining DSP48 input will improve performance.
Related violations: <none>

DPIP-1#29 Warning
Input pipelining  
DSP ml_core/gen_dsp[22].u_dsp/dsp_macro input ml_core/gen_dsp[22].u_dsp/dsp_macro/A[29:0] is not pipelined. Pipelining DSP48 input will improve performance.
Related violations: <none>

DPIP-1#30 Warning
Input pipelining  
DSP ml_core/gen_dsp[22].u_dsp/dsp_macro input ml_core/gen_dsp[22].u_dsp/dsp_macro/B[17:0] is not pipelined. Pipelining DSP48 input will improve performance.
Related violations: <none>

DPIP-1#31 Warning
Input pipelining  
DSP ml_core/gen_dsp[23].u_dsp/dsp_macro input ml_core/gen_dsp[23].u_dsp/dsp_macro/A[29:0] is not pipelined. Pipelining DSP48 input will improve performance.
Related violations: <none>

DPIP-1#32 Warning
Input pipelining  
DSP ml_core/gen_dsp[23].u_dsp/dsp_macro input ml_core/gen_dsp[23].u_dsp/dsp_macro/B[17:0] is not pipelined. Pipelining DSP48 input will improve performance.
Related violations: <none>

DPIP-1#33 Warning
Input pipelining  
DSP ml_core/gen_dsp[24].u_dsp/dsp_macro input ml_core/gen_dsp[24].u_dsp/dsp_macro/A[29:0] is not pipelined. Pipelining DSP48 input will improve performance.
Related violations: <none>

DPIP-1#34 Warning
Input pipelining  
DSP ml_core/gen_dsp[24].u_dsp/dsp_macro input ml_core/gen_dsp[24].u_dsp/dsp_macro/B[17:0] is not pipelined. Pipelining DSP48 input will improve performance.
Related violations: <none>

DPIP-1#35 Warning
Input pipelining  
DSP ml_core/gen_dsp[25].u_dsp/dsp_macro input ml_core/gen_dsp[25].u_dsp/dsp_macro/A[29:0] is not pipelined. Pipelining DSP48 input will improve performance.
Related violations: <none>

DPIP-1#36 Warning
Input pipelining  
DSP ml_core/gen_dsp[25].u_dsp/dsp_macro input ml_core/gen_dsp[25].u_dsp/dsp_macro/B[17:0] is not pipelined. Pipelining DSP48 input will improve performance.
Related violations: <none>

DPIP-1#37 Warning
Input pipelining  
DSP ml_core/gen_dsp[26].u_dsp/dsp_macro input ml_core/gen_dsp[26].u_dsp/dsp_macro/A[29:0] is not pipelined. Pipelining DSP48 input will improve performance.
Related violations: <none>

DPIP-1#38 Warning
Input pipelining  
DSP ml_core/gen_dsp[26].u_dsp/dsp_macro input ml_core/gen_dsp[26].u_dsp/dsp_macro/B[17:0] is not pipelined. Pipelining DSP48 input will improve performance.
Related violations: <none>

DPIP-1#39 Warning
Input pipelining  
DSP ml_core/gen_dsp[27].u_dsp/dsp_macro input ml_core/gen_dsp[27].u_dsp/dsp_macro/A[29:0] is not pipelined. Pipelining DSP48 input will improve performance.
Related violations: <none>

DPIP-1#40 Warning
Input pipelining  
DSP ml_core/gen_dsp[27].u_dsp/dsp_macro input ml_core/gen_dsp[27].u_dsp/dsp_macro/B[17:0] is not pipelined. Pipelining DSP48 input will improve performance.
Related violations: <none>

DPIP-1#41 Warning
Input pipelining  
DSP ml_core/gen_dsp[28].u_dsp/dsp_macro input ml_core/gen_dsp[28].u_dsp/dsp_macro/A[29:0] is not pipelined. Pipelining DSP48 input will improve performance.
Related violations: <none>

DPIP-1#42 Warning
Input pipelining  
DSP ml_core/gen_dsp[28].u_dsp/dsp_macro input ml_core/gen_dsp[28].u_dsp/dsp_macro/B[17:0] is not pipelined. Pipelining DSP48 input will improve performance.
Related violations: <none>

DPIP-1#43 Warning
Input pipelining  
DSP ml_core/gen_dsp[29].u_dsp/dsp_macro input ml_core/gen_dsp[29].u_dsp/dsp_macro/A[29:0] is not pipelined. Pipelining DSP48 input will improve performance.
Related violations: <none>

DPIP-1#44 Warning
Input pipelining  
DSP ml_core/gen_dsp[29].u_dsp/dsp_macro input ml_core/gen_dsp[29].u_dsp/dsp_macro/B[17:0] is not pipelined. Pipelining DSP48 input will improve performance.
Related violations: <none>

DPIP-1#45 Warning
Input pipelining  
DSP ml_core/gen_dsp[2].u_dsp/dsp_macro input ml_core/gen_dsp[2].u_dsp/dsp_macro/A[29:0] is not pipelined. Pipelining DSP48 input will improve performance.
Related violations: <none>

DPIP-1#46 Warning
Input pipelining  
DSP ml_core/gen_dsp[2].u_dsp/dsp_macro input ml_core/gen_dsp[2].u_dsp/dsp_macro/B[17:0] is not pipelined. Pipelining DSP48 input will improve performance.
Related violations: <none>

DPIP-1#47 Warning
Input pipelining  
DSP ml_core/gen_dsp[30].u_dsp/dsp_macro input ml_core/gen_dsp[30].u_dsp/dsp_macro/A[29:0] is not pipelined. Pipelining DSP48 input will improve performance.
Related violations: <none>

DPIP-1#48 Warning
Input pipelining  
DSP ml_core/gen_dsp[30].u_dsp/dsp_macro input ml_core/gen_dsp[30].u_dsp/dsp_macro/B[17:0] is not pipelined. Pipelining DSP48 input will improve performance.
Related violations: <none>

DPIP-1#49 Warning
Input pipelining  
DSP ml_core/gen_dsp[31].u_dsp/dsp_macro input ml_core/gen_dsp[31].u_dsp/dsp_macro/A[29:0] is not pipelined. Pipelining DSP48 input will improve performance.
Related violations: <none>

DPIP-1#50 Warning
Input pipelining  
DSP ml_core/gen_dsp[31].u_dsp/dsp_macro input ml_core/gen_dsp[31].u_dsp/dsp_macro/B[17:0] is not pipelined. Pipelining DSP48 input will improve performance.
Related violations: <none>

DPIP-1#51 Warning
Input pipelining  
DSP ml_core/gen_dsp[32].u_dsp/dsp_macro input ml_core/gen_dsp[32].u_dsp/dsp_macro/A[29:0] is not pipelined. Pipelining DSP48 input will improve performance.
Related violations: <none>

DPIP-1#52 Warning
Input pipelining  
DSP ml_core/gen_dsp[32].u_dsp/dsp_macro input ml_core/gen_dsp[32].u_dsp/dsp_macro/B[17:0] is not pipelined. Pipelining DSP48 input will improve performance.
Related violations: <none>

DPIP-1#53 Warning
Input pipelining  
DSP ml_core/gen_dsp[33].u_dsp/dsp_macro input ml_core/gen_dsp[33].u_dsp/dsp_macro/A[29:0] is not pipelined. Pipelining DSP48 input will improve performance.
Related violations: <none>

DPIP-1#54 Warning
Input pipelining  
DSP ml_core/gen_dsp[33].u_dsp/dsp_macro input ml_core/gen_dsp[33].u_dsp/dsp_macro/B[17:0] is not pipelined. Pipelining DSP48 input will improve performance.
Related violations: <none>

DPIP-1#55 Warning
Input pipelining  
DSP ml_core/gen_dsp[34].u_dsp/dsp_macro input ml_core/gen_dsp[34].u_dsp/dsp_macro/A[29:0] is not pipelined. Pipelining DSP48 input will improve performance.
Related violations: <none>

DPIP-1#56 Warning
Input pipelining  
DSP ml_core/gen_dsp[34].u_dsp/dsp_macro input ml_core/gen_dsp[34].u_dsp/dsp_macro/B[17:0] is not pipelined. Pipelining DSP48 input will improve performance.
Related violations: <none>

DPIP-1#57 Warning
Input pipelining  
DSP ml_core/gen_dsp[35].u_dsp/dsp_macro input ml_core/gen_dsp[35].u_dsp/dsp_macro/A[29:0] is not pipelined. Pipelining DSP48 input will improve performance.
Related violations: <none>

DPIP-1#58 Warning
Input pipelining  
DSP ml_core/gen_dsp[35].u_dsp/dsp_macro input ml_core/gen_dsp[35].u_dsp/dsp_macro/B[17:0] is not pipelined. Pipelining DSP48 input will improve performance.
Related violations: <none>

DPIP-1#59 Warning
Input pipelining  
DSP ml_core/gen_dsp[36].u_dsp/dsp_macro input ml_core/gen_dsp[36].u_dsp/dsp_macro/A[29:0] is not pipelined. Pipelining DSP48 input will improve performance.
Related violations: <none>

DPIP-1#60 Warning
Input pipelining  
DSP ml_core/gen_dsp[36].u_dsp/dsp_macro input ml_core/gen_dsp[36].u_dsp/dsp_macro/B[17:0] is not pipelined. Pipelining DSP48 input will improve performance.
Related violations: <none>

DPIP-1#61 Warning
Input pipelining  
DSP ml_core/gen_dsp[37].u_dsp/dsp_macro input ml_core/gen_dsp[37].u_dsp/dsp_macro/A[29:0] is not pipelined. Pipelining DSP48 input will improve performance.
Related violations: <none>

DPIP-1#62 Warning
Input pipelining  
DSP ml_core/gen_dsp[37].u_dsp/dsp_macro input ml_core/gen_dsp[37].u_dsp/dsp_macro/B[17:0] is not pipelined. Pipelining DSP48 input will improve performance.
Related violations: <none>

DPIP-1#63 Warning
Input pipelining  
DSP ml_core/gen_dsp[38].u_dsp/dsp_macro input ml_core/gen_dsp[38].u_dsp/dsp_macro/A[29:0] is not pipelined. Pipelining DSP48 input will improve performance.
Related violations: <none>

DPIP-1#64 Warning
Input pipelining  
DSP ml_core/gen_dsp[38].u_dsp/dsp_macro input ml_core/gen_dsp[38].u_dsp/dsp_macro/B[17:0] is not pipelined. Pipelining DSP48 input will improve performance.
Related violations: <none>

DPIP-1#65 Warning
Input pipelining  
DSP ml_core/gen_dsp[39].u_dsp/dsp_macro input ml_core/gen_dsp[39].u_dsp/dsp_macro/A[29:0] is not pipelined. Pipelining DSP48 input will improve performance.
Related violations: <none>

DPIP-1#66 Warning
Input pipelining  
DSP ml_core/gen_dsp[39].u_dsp/dsp_macro input ml_core/gen_dsp[39].u_dsp/dsp_macro/B[17:0] is not pipelined. Pipelining DSP48 input will improve performance.
Related violations: <none>

DPIP-1#67 Warning
Input pipelining  
DSP ml_core/gen_dsp[3].u_dsp/dsp_macro input ml_core/gen_dsp[3].u_dsp/dsp_macro/A[29:0] is not pipelined. Pipelining DSP48 input will improve performance.
Related violations: <none>

DPIP-1#68 Warning
Input pipelining  
DSP ml_core/gen_dsp[3].u_dsp/dsp_macro input ml_core/gen_dsp[3].u_dsp/dsp_macro/B[17:0] is not pipelined. Pipelining DSP48 input will improve performance.
Related violations: <none>

DPIP-1#69 Warning
Input pipelining  
DSP ml_core/gen_dsp[40].u_dsp/dsp_macro input ml_core/gen_dsp[40].u_dsp/dsp_macro/A[29:0] is not pipelined. Pipelining DSP48 input will improve performance.
Related violations: <none>

DPIP-1#70 Warning
Input pipelining  
DSP ml_core/gen_dsp[40].u_dsp/dsp_macro input ml_core/gen_dsp[40].u_dsp/dsp_macro/B[17:0] is not pipelined. Pipelining DSP48 input will improve performance.
Related violations: <none>

DPIP-1#71 Warning
Input pipelining  
DSP ml_core/gen_dsp[41].u_dsp/dsp_macro input ml_core/gen_dsp[41].u_dsp/dsp_macro/A[29:0] is not pipelined. Pipelining DSP48 input will improve performance.
Related violations: <none>

DPIP-1#72 Warning
Input pipelining  
DSP ml_core/gen_dsp[41].u_dsp/dsp_macro input ml_core/gen_dsp[41].u_dsp/dsp_macro/B[17:0] is not pipelined. Pipelining DSP48 input will improve performance.
Related violations: <none>

DPIP-1#73 Warning
Input pipelining  
DSP ml_core/gen_dsp[42].u_dsp/dsp_macro input ml_core/gen_dsp[42].u_dsp/dsp_macro/A[29:0] is not pipelined. Pipelining DSP48 input will improve performance.
Related violations: <none>

DPIP-1#74 Warning
Input pipelining  
DSP ml_core/gen_dsp[42].u_dsp/dsp_macro input ml_core/gen_dsp[42].u_dsp/dsp_macro/B[17:0] is not pipelined. Pipelining DSP48 input will improve performance.
Related violations: <none>

DPIP-1#75 Warning
Input pipelining  
DSP ml_core/gen_dsp[43].u_dsp/dsp_macro input ml_core/gen_dsp[43].u_dsp/dsp_macro/A[29:0] is not pipelined. Pipelining DSP48 input will improve performance.
Related violations: <none>

DPIP-1#76 Warning
Input pipelining  
DSP ml_core/gen_dsp[43].u_dsp/dsp_macro input ml_core/gen_dsp[43].u_dsp/dsp_macro/B[17:0] is not pipelined. Pipelining DSP48 input will improve performance.
Related violations: <none>

DPIP-1#77 Warning
Input pipelining  
DSP ml_core/gen_dsp[44].u_dsp/dsp_macro input ml_core/gen_dsp[44].u_dsp/dsp_macro/A[29:0] is not pipelined. Pipelining DSP48 input will improve performance.
Related violations: <none>

DPIP-1#78 Warning
Input pipelining  
DSP ml_core/gen_dsp[44].u_dsp/dsp_macro input ml_core/gen_dsp[44].u_dsp/dsp_macro/B[17:0] is not pipelined. Pipelining DSP48 input will improve performance.
Related violations: <none>

DPIP-1#79 Warning
Input pipelining  
DSP ml_core/gen_dsp[45].u_dsp/dsp_macro input ml_core/gen_dsp[45].u_dsp/dsp_macro/A[29:0] is not pipelined. Pipelining DSP48 input will improve performance.
Related violations: <none>

DPIP-1#80 Warning
Input pipelining  
DSP ml_core/gen_dsp[45].u_dsp/dsp_macro input ml_core/gen_dsp[45].u_dsp/dsp_macro/B[17:0] is not pipelined. Pipelining DSP48 input will improve performance.
Related violations: <none>

DPIP-1#81 Warning
Input pipelining  
DSP ml_core/gen_dsp[46].u_dsp/dsp_macro input ml_core/gen_dsp[46].u_dsp/dsp_macro/A[29:0] is not pipelined. Pipelining DSP48 input will improve performance.
Related violations: <none>

DPIP-1#82 Warning
Input pipelining  
DSP ml_core/gen_dsp[46].u_dsp/dsp_macro input ml_core/gen_dsp[46].u_dsp/dsp_macro/B[17:0] is not pipelined. Pipelining DSP48 input will improve performance.
Related violations: <none>

DPIP-1#83 Warning
Input pipelining  
DSP ml_core/gen_dsp[47].u_dsp/dsp_macro input ml_core/gen_dsp[47].u_dsp/dsp_macro/A[29:0] is not pipelined. Pipelining DSP48 input will improve performance.
Related violations: <none>

DPIP-1#84 Warning
Input pipelining  
DSP ml_core/gen_dsp[47].u_dsp/dsp_macro input ml_core/gen_dsp[47].u_dsp/dsp_macro/B[17:0] is not pipelined. Pipelining DSP48 input will improve performance.
Related violations: <none>

DPIP-1#85 Warning
Input pipelining  
DSP ml_core/gen_dsp[48].u_dsp/dsp_macro input ml_core/gen_dsp[48].u_dsp/dsp_macro/A[29:0] is not pipelined. Pipelining DSP48 input will improve performance.
Related violations: <none>

DPIP-1#86 Warning
Input pipelining  
DSP ml_core/gen_dsp[48].u_dsp/dsp_macro input ml_core/gen_dsp[48].u_dsp/dsp_macro/B[17:0] is not pipelined. Pipelining DSP48 input will improve performance.
Related violations: <none>

DPIP-1#87 Warning
Input pipelining  
DSP ml_core/gen_dsp[49].u_dsp/dsp_macro input ml_core/gen_dsp[49].u_dsp/dsp_macro/A[29:0] is not pipelined. Pipelining DSP48 input will improve performance.
Related violations: <none>

DPIP-1#88 Warning
Input pipelining  
DSP ml_core/gen_dsp[49].u_dsp/dsp_macro input ml_core/gen_dsp[49].u_dsp/dsp_macro/B[17:0] is not pipelined. Pipelining DSP48 input will improve performance.
Related violations: <none>

DPIP-1#89 Warning
Input pipelining  
DSP ml_core/gen_dsp[4].u_dsp/dsp_macro input ml_core/gen_dsp[4].u_dsp/dsp_macro/A[29:0] is not pipelined. Pipelining DSP48 input will improve performance.
Related violations: <none>

DPIP-1#90 Warning
Input pipelining  
DSP ml_core/gen_dsp[4].u_dsp/dsp_macro input ml_core/gen_dsp[4].u_dsp/dsp_macro/B[17:0] is not pipelined. Pipelining DSP48 input will improve performance.
Related violations: <none>

DPIP-1#91 Warning
Input pipelining  
DSP ml_core/gen_dsp[50].u_dsp/dsp_macro input ml_core/gen_dsp[50].u_dsp/dsp_macro/A[29:0] is not pipelined. Pipelining DSP48 input will improve performance.
Related violations: <none>

DPIP-1#92 Warning
Input pipelining  
DSP ml_core/gen_dsp[50].u_dsp/dsp_macro input ml_core/gen_dsp[50].u_dsp/dsp_macro/B[17:0] is not pipelined. Pipelining DSP48 input will improve performance.
Related violations: <none>

DPIP-1#93 Warning
Input pipelining  
DSP ml_core/gen_dsp[51].u_dsp/dsp_macro input ml_core/gen_dsp[51].u_dsp/dsp_macro/A[29:0] is not pipelined. Pipelining DSP48 input will improve performance.
Related violations: <none>

DPIP-1#94 Warning
Input pipelining  
DSP ml_core/gen_dsp[51].u_dsp/dsp_macro input ml_core/gen_dsp[51].u_dsp/dsp_macro/B[17:0] is not pipelined. Pipelining DSP48 input will improve performance.
Related violations: <none>

DPIP-1#95 Warning
Input pipelining  
DSP ml_core/gen_dsp[52].u_dsp/dsp_macro input ml_core/gen_dsp[52].u_dsp/dsp_macro/A[29:0] is not pipelined. Pipelining DSP48 input will improve performance.
Related violations: <none>

DPIP-1#96 Warning
Input pipelining  
DSP ml_core/gen_dsp[52].u_dsp/dsp_macro input ml_core/gen_dsp[52].u_dsp/dsp_macro/B[17:0] is not pipelined. Pipelining DSP48 input will improve performance.
Related violations: <none>

DPIP-1#97 Warning
Input pipelining  
DSP ml_core/gen_dsp[53].u_dsp/dsp_macro input ml_core/gen_dsp[53].u_dsp/dsp_macro/A[29:0] is not pipelined. Pipelining DSP48 input will improve performance.
Related violations: <none>

DPIP-1#98 Warning
Input pipelining  
DSP ml_core/gen_dsp[53].u_dsp/dsp_macro input ml_core/gen_dsp[53].u_dsp/dsp_macro/B[17:0] is not pipelined. Pipelining DSP48 input will improve performance.
Related violations: <none>

DPIP-1#99 Warning
Input pipelining  
DSP ml_core/gen_dsp[54].u_dsp/dsp_macro input ml_core/gen_dsp[54].u_dsp/dsp_macro/A[29:0] is not pipelined. Pipelining DSP48 input will improve performance.
Related violations: <none>

DPIP-1#100 Warning
Input pipelining  
DSP ml_core/gen_dsp[54].u_dsp/dsp_macro input ml_core/gen_dsp[54].u_dsp/dsp_macro/B[17:0] is not pipelined. Pipelining DSP48 input will improve performance.
Related violations: <none>

DPIP-1#101 Warning
Input pipelining  
DSP ml_core/gen_dsp[55].u_dsp/dsp_macro input ml_core/gen_dsp[55].u_dsp/dsp_macro/A[29:0] is not pipelined. Pipelining DSP48 input will improve performance.
Related violations: <none>

DPIP-1#102 Warning
Input pipelining  
DSP ml_core/gen_dsp[55].u_dsp/dsp_macro input ml_core/gen_dsp[55].u_dsp/dsp_macro/B[17:0] is not pipelined. Pipelining DSP48 input will improve performance.
Related violations: <none>

DPIP-1#103 Warning
Input pipelining  
DSP ml_core/gen_dsp[56].u_dsp/dsp_macro input ml_core/gen_dsp[56].u_dsp/dsp_macro/A[29:0] is not pipelined. Pipelining DSP48 input will improve performance.
Related violations: <none>

DPIP-1#104 Warning
Input pipelining  
DSP ml_core/gen_dsp[56].u_dsp/dsp_macro input ml_core/gen_dsp[56].u_dsp/dsp_macro/B[17:0] is not pipelined. Pipelining DSP48 input will improve performance.
Related violations: <none>

DPIP-1#105 Warning
Input pipelining  
DSP ml_core/gen_dsp[57].u_dsp/dsp_macro input ml_core/gen_dsp[57].u_dsp/dsp_macro/A[29:0] is not pipelined. Pipelining DSP48 input will improve performance.
Related violations: <none>

DPIP-1#106 Warning
Input pipelining  
DSP ml_core/gen_dsp[57].u_dsp/dsp_macro input ml_core/gen_dsp[57].u_dsp/dsp_macro/B[17:0] is not pipelined. Pipelining DSP48 input will improve performance.
Related violations: <none>

DPIP-1#107 Warning
Input pipelining  
DSP ml_core/gen_dsp[58].u_dsp/dsp_macro input ml_core/gen_dsp[58].u_dsp/dsp_macro/A[29:0] is not pipelined. Pipelining DSP48 input will improve performance.
Related violations: <none>

DPIP-1#108 Warning
Input pipelining  
DSP ml_core/gen_dsp[58].u_dsp/dsp_macro input ml_core/gen_dsp[58].u_dsp/dsp_macro/B[17:0] is not pipelined. Pipelining DSP48 input will improve performance.
Related violations: <none>

DPIP-1#109 Warning
Input pipelining  
DSP ml_core/gen_dsp[59].u_dsp/dsp_macro input ml_core/gen_dsp[59].u_dsp/dsp_macro/A[29:0] is not pipelined. Pipelining DSP48 input will improve performance.
Related violations: <none>

DPIP-1#110 Warning
Input pipelining  
DSP ml_core/gen_dsp[59].u_dsp/dsp_macro input ml_core/gen_dsp[59].u_dsp/dsp_macro/B[17:0] is not pipelined. Pipelining DSP48 input will improve performance.
Related violations: <none>

DPIP-1#111 Warning
Input pipelining  
DSP ml_core/gen_dsp[5].u_dsp/dsp_macro input ml_core/gen_dsp[5].u_dsp/dsp_macro/A[29:0] is not pipelined. Pipelining DSP48 input will improve performance.
Related violations: <none>

DPIP-1#112 Warning
Input pipelining  
DSP ml_core/gen_dsp[5].u_dsp/dsp_macro input ml_core/gen_dsp[5].u_dsp/dsp_macro/B[17:0] is not pipelined. Pipelining DSP48 input will improve performance.
Related violations: <none>

DPIP-1#113 Warning
Input pipelining  
DSP ml_core/gen_dsp[60].u_dsp/dsp_macro input ml_core/gen_dsp[60].u_dsp/dsp_macro/A[29:0] is not pipelined. Pipelining DSP48 input will improve performance.
Related violations: <none>

DPIP-1#114 Warning
Input pipelining  
DSP ml_core/gen_dsp[60].u_dsp/dsp_macro input ml_core/gen_dsp[60].u_dsp/dsp_macro/B[17:0] is not pipelined. Pipelining DSP48 input will improve performance.
Related violations: <none>

DPIP-1#115 Warning
Input pipelining  
DSP ml_core/gen_dsp[61].u_dsp/dsp_macro input ml_core/gen_dsp[61].u_dsp/dsp_macro/A[29:0] is not pipelined. Pipelining DSP48 input will improve performance.
Related violations: <none>

DPIP-1#116 Warning
Input pipelining  
DSP ml_core/gen_dsp[61].u_dsp/dsp_macro input ml_core/gen_dsp[61].u_dsp/dsp_macro/B[17:0] is not pipelined. Pipelining DSP48 input will improve performance.
Related violations: <none>

DPIP-1#117 Warning
Input pipelining  
DSP ml_core/gen_dsp[62].u_dsp/dsp_macro input ml_core/gen_dsp[62].u_dsp/dsp_macro/A[29:0] is not pipelined. Pipelining DSP48 input will improve performance.
Related violations: <none>

DPIP-1#118 Warning
Input pipelining  
DSP ml_core/gen_dsp[62].u_dsp/dsp_macro input ml_core/gen_dsp[62].u_dsp/dsp_macro/B[17:0] is not pipelined. Pipelining DSP48 input will improve performance.
Related violations: <none>

DPIP-1#119 Warning
Input pipelining  
DSP ml_core/gen_dsp[63].u_dsp/dsp_macro input ml_core/gen_dsp[63].u_dsp/dsp_macro/A[29:0] is not pipelined. Pipelining DSP48 input will improve performance.
Related violations: <none>

DPIP-1#120 Warning
Input pipelining  
DSP ml_core/gen_dsp[63].u_dsp/dsp_macro input ml_core/gen_dsp[63].u_dsp/dsp_macro/B[17:0] is not pipelined. Pipelining DSP48 input will improve performance.
Related violations: <none>

DPIP-1#121 Warning
Input pipelining  
DSP ml_core/gen_dsp[6].u_dsp/dsp_macro input ml_core/gen_dsp[6].u_dsp/dsp_macro/A[29:0] is not pipelined. Pipelining DSP48 input will improve performance.
Related violations: <none>

DPIP-1#122 Warning
Input pipelining  
DSP ml_core/gen_dsp[6].u_dsp/dsp_macro input ml_core/gen_dsp[6].u_dsp/dsp_macro/B[17:0] is not pipelined. Pipelining DSP48 input will improve performance.
Related violations: <none>

DPIP-1#123 Warning
Input pipelining  
DSP ml_core/gen_dsp[7].u_dsp/dsp_macro input ml_core/gen_dsp[7].u_dsp/dsp_macro/A[29:0] is not pipelined. Pipelining DSP48 input will improve performance.
Related violations: <none>

DPIP-1#124 Warning
Input pipelining  
DSP ml_core/gen_dsp[7].u_dsp/dsp_macro input ml_core/gen_dsp[7].u_dsp/dsp_macro/B[17:0] is not pipelined. Pipelining DSP48 input will improve performance.
Related violations: <none>

DPIP-1#125 Warning
Input pipelining  
DSP ml_core/gen_dsp[8].u_dsp/dsp_macro input ml_core/gen_dsp[8].u_dsp/dsp_macro/A[29:0] is not pipelined. Pipelining DSP48 input will improve performance.
Related violations: <none>

DPIP-1#126 Warning
Input pipelining  
DSP ml_core/gen_dsp[8].u_dsp/dsp_macro input ml_core/gen_dsp[8].u_dsp/dsp_macro/B[17:0] is not pipelined. Pipelining DSP48 input will improve performance.
Related violations: <none>

DPIP-1#127 Warning
Input pipelining  
DSP ml_core/gen_dsp[9].u_dsp/dsp_macro input ml_core/gen_dsp[9].u_dsp/dsp_macro/A[29:0] is not pipelined. Pipelining DSP48 input will improve performance.
Related violations: <none>

DPIP-1#128 Warning
Input pipelining  
DSP ml_core/gen_dsp[9].u_dsp/dsp_macro input ml_core/gen_dsp[9].u_dsp/dsp_macro/B[17:0] is not pipelined. Pipelining DSP48 input will improve performance.
Related violations: <none>

DPOP-2#1 Warning
MREG Output pipelining  
DSP ml_core/gen_dsp[0].u_dsp/dsp_macro multiplier stage ml_core/gen_dsp[0].u_dsp/dsp_macro/P[47:0] is not pipelined (MREG=0). Pipelining the multiplier function will improve performance and will save significant power so it is suggested whenever possible to fully pipeline this function.  If this multiplier was inferred, it is suggested to describe an additional register stage after this function.  If there is no registered adder/accumulator following the multiply function, two pipeline stages are suggested to allow both the MREG and PREG registers to be used.  If the DSP48 was instantiated in the design, it is suggested to set both the MREG and PREG attributes to 1 when performing multiply functions.
Related violations: <none>

DPOP-2#2 Warning
MREG Output pipelining  
DSP ml_core/gen_dsp[10].u_dsp/dsp_macro multiplier stage ml_core/gen_dsp[10].u_dsp/dsp_macro/P[47:0] is not pipelined (MREG=0). Pipelining the multiplier function will improve performance and will save significant power so it is suggested whenever possible to fully pipeline this function.  If this multiplier was inferred, it is suggested to describe an additional register stage after this function.  If there is no registered adder/accumulator following the multiply function, two pipeline stages are suggested to allow both the MREG and PREG registers to be used.  If the DSP48 was instantiated in the design, it is suggested to set both the MREG and PREG attributes to 1 when performing multiply functions.
Related violations: <none>

DPOP-2#3 Warning
MREG Output pipelining  
DSP ml_core/gen_dsp[11].u_dsp/dsp_macro multiplier stage ml_core/gen_dsp[11].u_dsp/dsp_macro/P[47:0] is not pipelined (MREG=0). Pipelining the multiplier function will improve performance and will save significant power so it is suggested whenever possible to fully pipeline this function.  If this multiplier was inferred, it is suggested to describe an additional register stage after this function.  If there is no registered adder/accumulator following the multiply function, two pipeline stages are suggested to allow both the MREG and PREG registers to be used.  If the DSP48 was instantiated in the design, it is suggested to set both the MREG and PREG attributes to 1 when performing multiply functions.
Related violations: <none>

DPOP-2#4 Warning
MREG Output pipelining  
DSP ml_core/gen_dsp[12].u_dsp/dsp_macro multiplier stage ml_core/gen_dsp[12].u_dsp/dsp_macro/P[47:0] is not pipelined (MREG=0). Pipelining the multiplier function will improve performance and will save significant power so it is suggested whenever possible to fully pipeline this function.  If this multiplier was inferred, it is suggested to describe an additional register stage after this function.  If there is no registered adder/accumulator following the multiply function, two pipeline stages are suggested to allow both the MREG and PREG registers to be used.  If the DSP48 was instantiated in the design, it is suggested to set both the MREG and PREG attributes to 1 when performing multiply functions.
Related violations: <none>

DPOP-2#5 Warning
MREG Output pipelining  
DSP ml_core/gen_dsp[13].u_dsp/dsp_macro multiplier stage ml_core/gen_dsp[13].u_dsp/dsp_macro/P[47:0] is not pipelined (MREG=0). Pipelining the multiplier function will improve performance and will save significant power so it is suggested whenever possible to fully pipeline this function.  If this multiplier was inferred, it is suggested to describe an additional register stage after this function.  If there is no registered adder/accumulator following the multiply function, two pipeline stages are suggested to allow both the MREG and PREG registers to be used.  If the DSP48 was instantiated in the design, it is suggested to set both the MREG and PREG attributes to 1 when performing multiply functions.
Related violations: <none>

DPOP-2#6 Warning
MREG Output pipelining  
DSP ml_core/gen_dsp[14].u_dsp/dsp_macro multiplier stage ml_core/gen_dsp[14].u_dsp/dsp_macro/P[47:0] is not pipelined (MREG=0). Pipelining the multiplier function will improve performance and will save significant power so it is suggested whenever possible to fully pipeline this function.  If this multiplier was inferred, it is suggested to describe an additional register stage after this function.  If there is no registered adder/accumulator following the multiply function, two pipeline stages are suggested to allow both the MREG and PREG registers to be used.  If the DSP48 was instantiated in the design, it is suggested to set both the MREG and PREG attributes to 1 when performing multiply functions.
Related violations: <none>

DPOP-2#7 Warning
MREG Output pipelining  
DSP ml_core/gen_dsp[15].u_dsp/dsp_macro multiplier stage ml_core/gen_dsp[15].u_dsp/dsp_macro/P[47:0] is not pipelined (MREG=0). Pipelining the multiplier function will improve performance and will save significant power so it is suggested whenever possible to fully pipeline this function.  If this multiplier was inferred, it is suggested to describe an additional register stage after this function.  If there is no registered adder/accumulator following the multiply function, two pipeline stages are suggested to allow both the MREG and PREG registers to be used.  If the DSP48 was instantiated in the design, it is suggested to set both the MREG and PREG attributes to 1 when performing multiply functions.
Related violations: <none>

DPOP-2#8 Warning
MREG Output pipelining  
DSP ml_core/gen_dsp[16].u_dsp/dsp_macro multiplier stage ml_core/gen_dsp[16].u_dsp/dsp_macro/P[47:0] is not pipelined (MREG=0). Pipelining the multiplier function will improve performance and will save significant power so it is suggested whenever possible to fully pipeline this function.  If this multiplier was inferred, it is suggested to describe an additional register stage after this function.  If there is no registered adder/accumulator following the multiply function, two pipeline stages are suggested to allow both the MREG and PREG registers to be used.  If the DSP48 was instantiated in the design, it is suggested to set both the MREG and PREG attributes to 1 when performing multiply functions.
Related violations: <none>

DPOP-2#9 Warning
MREG Output pipelining  
DSP ml_core/gen_dsp[17].u_dsp/dsp_macro multiplier stage ml_core/gen_dsp[17].u_dsp/dsp_macro/P[47:0] is not pipelined (MREG=0). Pipelining the multiplier function will improve performance and will save significant power so it is suggested whenever possible to fully pipeline this function.  If this multiplier was inferred, it is suggested to describe an additional register stage after this function.  If there is no registered adder/accumulator following the multiply function, two pipeline stages are suggested to allow both the MREG and PREG registers to be used.  If the DSP48 was instantiated in the design, it is suggested to set both the MREG and PREG attributes to 1 when performing multiply functions.
Related violations: <none>

DPOP-2#10 Warning
MREG Output pipelining  
DSP ml_core/gen_dsp[18].u_dsp/dsp_macro multiplier stage ml_core/gen_dsp[18].u_dsp/dsp_macro/P[47:0] is not pipelined (MREG=0). Pipelining the multiplier function will improve performance and will save significant power so it is suggested whenever possible to fully pipeline this function.  If this multiplier was inferred, it is suggested to describe an additional register stage after this function.  If there is no registered adder/accumulator following the multiply function, two pipeline stages are suggested to allow both the MREG and PREG registers to be used.  If the DSP48 was instantiated in the design, it is suggested to set both the MREG and PREG attributes to 1 when performing multiply functions.
Related violations: <none>

DPOP-2#11 Warning
MREG Output pipelining  
DSP ml_core/gen_dsp[19].u_dsp/dsp_macro multiplier stage ml_core/gen_dsp[19].u_dsp/dsp_macro/P[47:0] is not pipelined (MREG=0). Pipelining the multiplier function will improve performance and will save significant power so it is suggested whenever possible to fully pipeline this function.  If this multiplier was inferred, it is suggested to describe an additional register stage after this function.  If there is no registered adder/accumulator following the multiply function, two pipeline stages are suggested to allow both the MREG and PREG registers to be used.  If the DSP48 was instantiated in the design, it is suggested to set both the MREG and PREG attributes to 1 when performing multiply functions.
Related violations: <none>

DPOP-2#12 Warning
MREG Output pipelining  
DSP ml_core/gen_dsp[1].u_dsp/dsp_macro multiplier stage ml_core/gen_dsp[1].u_dsp/dsp_macro/P[47:0] is not pipelined (MREG=0). Pipelining the multiplier function will improve performance and will save significant power so it is suggested whenever possible to fully pipeline this function.  If this multiplier was inferred, it is suggested to describe an additional register stage after this function.  If there is no registered adder/accumulator following the multiply function, two pipeline stages are suggested to allow both the MREG and PREG registers to be used.  If the DSP48 was instantiated in the design, it is suggested to set both the MREG and PREG attributes to 1 when performing multiply functions.
Related violations: <none>

DPOP-2#13 Warning
MREG Output pipelining  
DSP ml_core/gen_dsp[20].u_dsp/dsp_macro multiplier stage ml_core/gen_dsp[20].u_dsp/dsp_macro/P[47:0] is not pipelined (MREG=0). Pipelining the multiplier function will improve performance and will save significant power so it is suggested whenever possible to fully pipeline this function.  If this multiplier was inferred, it is suggested to describe an additional register stage after this function.  If there is no registered adder/accumulator following the multiply function, two pipeline stages are suggested to allow both the MREG and PREG registers to be used.  If the DSP48 was instantiated in the design, it is suggested to set both the MREG and PREG attributes to 1 when performing multiply functions.
Related violations: <none>

DPOP-2#14 Warning
MREG Output pipelining  
DSP ml_core/gen_dsp[21].u_dsp/dsp_macro multiplier stage ml_core/gen_dsp[21].u_dsp/dsp_macro/P[47:0] is not pipelined (MREG=0). Pipelining the multiplier function will improve performance and will save significant power so it is suggested whenever possible to fully pipeline this function.  If this multiplier was inferred, it is suggested to describe an additional register stage after this function.  If there is no registered adder/accumulator following the multiply function, two pipeline stages are suggested to allow both the MREG and PREG registers to be used.  If the DSP48 was instantiated in the design, it is suggested to set both the MREG and PREG attributes to 1 when performing multiply functions.
Related violations: <none>

DPOP-2#15 Warning
MREG Output pipelining  
DSP ml_core/gen_dsp[22].u_dsp/dsp_macro multiplier stage ml_core/gen_dsp[22].u_dsp/dsp_macro/P[47:0] is not pipelined (MREG=0). Pipelining the multiplier function will improve performance and will save significant power so it is suggested whenever possible to fully pipeline this function.  If this multiplier was inferred, it is suggested to describe an additional register stage after this function.  If there is no registered adder/accumulator following the multiply function, two pipeline stages are suggested to allow both the MREG and PREG registers to be used.  If the DSP48 was instantiated in the design, it is suggested to set both the MREG and PREG attributes to 1 when performing multiply functions.
Related violations: <none>

DPOP-2#16 Warning
MREG Output pipelining  
DSP ml_core/gen_dsp[23].u_dsp/dsp_macro multiplier stage ml_core/gen_dsp[23].u_dsp/dsp_macro/P[47:0] is not pipelined (MREG=0). Pipelining the multiplier function will improve performance and will save significant power so it is suggested whenever possible to fully pipeline this function.  If this multiplier was inferred, it is suggested to describe an additional register stage after this function.  If there is no registered adder/accumulator following the multiply function, two pipeline stages are suggested to allow both the MREG and PREG registers to be used.  If the DSP48 was instantiated in the design, it is suggested to set both the MREG and PREG attributes to 1 when performing multiply functions.
Related violations: <none>

DPOP-2#17 Warning
MREG Output pipelining  
DSP ml_core/gen_dsp[24].u_dsp/dsp_macro multiplier stage ml_core/gen_dsp[24].u_dsp/dsp_macro/P[47:0] is not pipelined (MREG=0). Pipelining the multiplier function will improve performance and will save significant power so it is suggested whenever possible to fully pipeline this function.  If this multiplier was inferred, it is suggested to describe an additional register stage after this function.  If there is no registered adder/accumulator following the multiply function, two pipeline stages are suggested to allow both the MREG and PREG registers to be used.  If the DSP48 was instantiated in the design, it is suggested to set both the MREG and PREG attributes to 1 when performing multiply functions.
Related violations: <none>

DPOP-2#18 Warning
MREG Output pipelining  
DSP ml_core/gen_dsp[25].u_dsp/dsp_macro multiplier stage ml_core/gen_dsp[25].u_dsp/dsp_macro/P[47:0] is not pipelined (MREG=0). Pipelining the multiplier function will improve performance and will save significant power so it is suggested whenever possible to fully pipeline this function.  If this multiplier was inferred, it is suggested to describe an additional register stage after this function.  If there is no registered adder/accumulator following the multiply function, two pipeline stages are suggested to allow both the MREG and PREG registers to be used.  If the DSP48 was instantiated in the design, it is suggested to set both the MREG and PREG attributes to 1 when performing multiply functions.
Related violations: <none>

DPOP-2#19 Warning
MREG Output pipelining  
DSP ml_core/gen_dsp[26].u_dsp/dsp_macro multiplier stage ml_core/gen_dsp[26].u_dsp/dsp_macro/P[47:0] is not pipelined (MREG=0). Pipelining the multiplier function will improve performance and will save significant power so it is suggested whenever possible to fully pipeline this function.  If this multiplier was inferred, it is suggested to describe an additional register stage after this function.  If there is no registered adder/accumulator following the multiply function, two pipeline stages are suggested to allow both the MREG and PREG registers to be used.  If the DSP48 was instantiated in the design, it is suggested to set both the MREG and PREG attributes to 1 when performing multiply functions.
Related violations: <none>

DPOP-2#20 Warning
MREG Output pipelining  
DSP ml_core/gen_dsp[27].u_dsp/dsp_macro multiplier stage ml_core/gen_dsp[27].u_dsp/dsp_macro/P[47:0] is not pipelined (MREG=0). Pipelining the multiplier function will improve performance and will save significant power so it is suggested whenever possible to fully pipeline this function.  If this multiplier was inferred, it is suggested to describe an additional register stage after this function.  If there is no registered adder/accumulator following the multiply function, two pipeline stages are suggested to allow both the MREG and PREG registers to be used.  If the DSP48 was instantiated in the design, it is suggested to set both the MREG and PREG attributes to 1 when performing multiply functions.
Related violations: <none>

DPOP-2#21 Warning
MREG Output pipelining  
DSP ml_core/gen_dsp[28].u_dsp/dsp_macro multiplier stage ml_core/gen_dsp[28].u_dsp/dsp_macro/P[47:0] is not pipelined (MREG=0). Pipelining the multiplier function will improve performance and will save significant power so it is suggested whenever possible to fully pipeline this function.  If this multiplier was inferred, it is suggested to describe an additional register stage after this function.  If there is no registered adder/accumulator following the multiply function, two pipeline stages are suggested to allow both the MREG and PREG registers to be used.  If the DSP48 was instantiated in the design, it is suggested to set both the MREG and PREG attributes to 1 when performing multiply functions.
Related violations: <none>

DPOP-2#22 Warning
MREG Output pipelining  
DSP ml_core/gen_dsp[29].u_dsp/dsp_macro multiplier stage ml_core/gen_dsp[29].u_dsp/dsp_macro/P[47:0] is not pipelined (MREG=0). Pipelining the multiplier function will improve performance and will save significant power so it is suggested whenever possible to fully pipeline this function.  If this multiplier was inferred, it is suggested to describe an additional register stage after this function.  If there is no registered adder/accumulator following the multiply function, two pipeline stages are suggested to allow both the MREG and PREG registers to be used.  If the DSP48 was instantiated in the design, it is suggested to set both the MREG and PREG attributes to 1 when performing multiply functions.
Related violations: <none>

DPOP-2#23 Warning
MREG Output pipelining  
DSP ml_core/gen_dsp[2].u_dsp/dsp_macro multiplier stage ml_core/gen_dsp[2].u_dsp/dsp_macro/P[47:0] is not pipelined (MREG=0). Pipelining the multiplier function will improve performance and will save significant power so it is suggested whenever possible to fully pipeline this function.  If this multiplier was inferred, it is suggested to describe an additional register stage after this function.  If there is no registered adder/accumulator following the multiply function, two pipeline stages are suggested to allow both the MREG and PREG registers to be used.  If the DSP48 was instantiated in the design, it is suggested to set both the MREG and PREG attributes to 1 when performing multiply functions.
Related violations: <none>

DPOP-2#24 Warning
MREG Output pipelining  
DSP ml_core/gen_dsp[30].u_dsp/dsp_macro multiplier stage ml_core/gen_dsp[30].u_dsp/dsp_macro/P[47:0] is not pipelined (MREG=0). Pipelining the multiplier function will improve performance and will save significant power so it is suggested whenever possible to fully pipeline this function.  If this multiplier was inferred, it is suggested to describe an additional register stage after this function.  If there is no registered adder/accumulator following the multiply function, two pipeline stages are suggested to allow both the MREG and PREG registers to be used.  If the DSP48 was instantiated in the design, it is suggested to set both the MREG and PREG attributes to 1 when performing multiply functions.
Related violations: <none>

DPOP-2#25 Warning
MREG Output pipelining  
DSP ml_core/gen_dsp[31].u_dsp/dsp_macro multiplier stage ml_core/gen_dsp[31].u_dsp/dsp_macro/P[47:0] is not pipelined (MREG=0). Pipelining the multiplier function will improve performance and will save significant power so it is suggested whenever possible to fully pipeline this function.  If this multiplier was inferred, it is suggested to describe an additional register stage after this function.  If there is no registered adder/accumulator following the multiply function, two pipeline stages are suggested to allow both the MREG and PREG registers to be used.  If the DSP48 was instantiated in the design, it is suggested to set both the MREG and PREG attributes to 1 when performing multiply functions.
Related violations: <none>

DPOP-2#26 Warning
MREG Output pipelining  
DSP ml_core/gen_dsp[32].u_dsp/dsp_macro multiplier stage ml_core/gen_dsp[32].u_dsp/dsp_macro/P[47:0] is not pipelined (MREG=0). Pipelining the multiplier function will improve performance and will save significant power so it is suggested whenever possible to fully pipeline this function.  If this multiplier was inferred, it is suggested to describe an additional register stage after this function.  If there is no registered adder/accumulator following the multiply function, two pipeline stages are suggested to allow both the MREG and PREG registers to be used.  If the DSP48 was instantiated in the design, it is suggested to set both the MREG and PREG attributes to 1 when performing multiply functions.
Related violations: <none>

DPOP-2#27 Warning
MREG Output pipelining  
DSP ml_core/gen_dsp[33].u_dsp/dsp_macro multiplier stage ml_core/gen_dsp[33].u_dsp/dsp_macro/P[47:0] is not pipelined (MREG=0). Pipelining the multiplier function will improve performance and will save significant power so it is suggested whenever possible to fully pipeline this function.  If this multiplier was inferred, it is suggested to describe an additional register stage after this function.  If there is no registered adder/accumulator following the multiply function, two pipeline stages are suggested to allow both the MREG and PREG registers to be used.  If the DSP48 was instantiated in the design, it is suggested to set both the MREG and PREG attributes to 1 when performing multiply functions.
Related violations: <none>

DPOP-2#28 Warning
MREG Output pipelining  
DSP ml_core/gen_dsp[34].u_dsp/dsp_macro multiplier stage ml_core/gen_dsp[34].u_dsp/dsp_macro/P[47:0] is not pipelined (MREG=0). Pipelining the multiplier function will improve performance and will save significant power so it is suggested whenever possible to fully pipeline this function.  If this multiplier was inferred, it is suggested to describe an additional register stage after this function.  If there is no registered adder/accumulator following the multiply function, two pipeline stages are suggested to allow both the MREG and PREG registers to be used.  If the DSP48 was instantiated in the design, it is suggested to set both the MREG and PREG attributes to 1 when performing multiply functions.
Related violations: <none>

DPOP-2#29 Warning
MREG Output pipelining  
DSP ml_core/gen_dsp[35].u_dsp/dsp_macro multiplier stage ml_core/gen_dsp[35].u_dsp/dsp_macro/P[47:0] is not pipelined (MREG=0). Pipelining the multiplier function will improve performance and will save significant power so it is suggested whenever possible to fully pipeline this function.  If this multiplier was inferred, it is suggested to describe an additional register stage after this function.  If there is no registered adder/accumulator following the multiply function, two pipeline stages are suggested to allow both the MREG and PREG registers to be used.  If the DSP48 was instantiated in the design, it is suggested to set both the MREG and PREG attributes to 1 when performing multiply functions.
Related violations: <none>

DPOP-2#30 Warning
MREG Output pipelining  
DSP ml_core/gen_dsp[36].u_dsp/dsp_macro multiplier stage ml_core/gen_dsp[36].u_dsp/dsp_macro/P[47:0] is not pipelined (MREG=0). Pipelining the multiplier function will improve performance and will save significant power so it is suggested whenever possible to fully pipeline this function.  If this multiplier was inferred, it is suggested to describe an additional register stage after this function.  If there is no registered adder/accumulator following the multiply function, two pipeline stages are suggested to allow both the MREG and PREG registers to be used.  If the DSP48 was instantiated in the design, it is suggested to set both the MREG and PREG attributes to 1 when performing multiply functions.
Related violations: <none>

DPOP-2#31 Warning
MREG Output pipelining  
DSP ml_core/gen_dsp[37].u_dsp/dsp_macro multiplier stage ml_core/gen_dsp[37].u_dsp/dsp_macro/P[47:0] is not pipelined (MREG=0). Pipelining the multiplier function will improve performance and will save significant power so it is suggested whenever possible to fully pipeline this function.  If this multiplier was inferred, it is suggested to describe an additional register stage after this function.  If there is no registered adder/accumulator following the multiply function, two pipeline stages are suggested to allow both the MREG and PREG registers to be used.  If the DSP48 was instantiated in the design, it is suggested to set both the MREG and PREG attributes to 1 when performing multiply functions.
Related violations: <none>

DPOP-2#32 Warning
MREG Output pipelining  
DSP ml_core/gen_dsp[38].u_dsp/dsp_macro multiplier stage ml_core/gen_dsp[38].u_dsp/dsp_macro/P[47:0] is not pipelined (MREG=0). Pipelining the multiplier function will improve performance and will save significant power so it is suggested whenever possible to fully pipeline this function.  If this multiplier was inferred, it is suggested to describe an additional register stage after this function.  If there is no registered adder/accumulator following the multiply function, two pipeline stages are suggested to allow both the MREG and PREG registers to be used.  If the DSP48 was instantiated in the design, it is suggested to set both the MREG and PREG attributes to 1 when performing multiply functions.
Related violations: <none>

DPOP-2#33 Warning
MREG Output pipelining  
DSP ml_core/gen_dsp[39].u_dsp/dsp_macro multiplier stage ml_core/gen_dsp[39].u_dsp/dsp_macro/P[47:0] is not pipelined (MREG=0). Pipelining the multiplier function will improve performance and will save significant power so it is suggested whenever possible to fully pipeline this function.  If this multiplier was inferred, it is suggested to describe an additional register stage after this function.  If there is no registered adder/accumulator following the multiply function, two pipeline stages are suggested to allow both the MREG and PREG registers to be used.  If the DSP48 was instantiated in the design, it is suggested to set both the MREG and PREG attributes to 1 when performing multiply functions.
Related violations: <none>

DPOP-2#34 Warning
MREG Output pipelining  
DSP ml_core/gen_dsp[3].u_dsp/dsp_macro multiplier stage ml_core/gen_dsp[3].u_dsp/dsp_macro/P[47:0] is not pipelined (MREG=0). Pipelining the multiplier function will improve performance and will save significant power so it is suggested whenever possible to fully pipeline this function.  If this multiplier was inferred, it is suggested to describe an additional register stage after this function.  If there is no registered adder/accumulator following the multiply function, two pipeline stages are suggested to allow both the MREG and PREG registers to be used.  If the DSP48 was instantiated in the design, it is suggested to set both the MREG and PREG attributes to 1 when performing multiply functions.
Related violations: <none>

DPOP-2#35 Warning
MREG Output pipelining  
DSP ml_core/gen_dsp[40].u_dsp/dsp_macro multiplier stage ml_core/gen_dsp[40].u_dsp/dsp_macro/P[47:0] is not pipelined (MREG=0). Pipelining the multiplier function will improve performance and will save significant power so it is suggested whenever possible to fully pipeline this function.  If this multiplier was inferred, it is suggested to describe an additional register stage after this function.  If there is no registered adder/accumulator following the multiply function, two pipeline stages are suggested to allow both the MREG and PREG registers to be used.  If the DSP48 was instantiated in the design, it is suggested to set both the MREG and PREG attributes to 1 when performing multiply functions.
Related violations: <none>

DPOP-2#36 Warning
MREG Output pipelining  
DSP ml_core/gen_dsp[41].u_dsp/dsp_macro multiplier stage ml_core/gen_dsp[41].u_dsp/dsp_macro/P[47:0] is not pipelined (MREG=0). Pipelining the multiplier function will improve performance and will save significant power so it is suggested whenever possible to fully pipeline this function.  If this multiplier was inferred, it is suggested to describe an additional register stage after this function.  If there is no registered adder/accumulator following the multiply function, two pipeline stages are suggested to allow both the MREG and PREG registers to be used.  If the DSP48 was instantiated in the design, it is suggested to set both the MREG and PREG attributes to 1 when performing multiply functions.
Related violations: <none>

DPOP-2#37 Warning
MREG Output pipelining  
DSP ml_core/gen_dsp[42].u_dsp/dsp_macro multiplier stage ml_core/gen_dsp[42].u_dsp/dsp_macro/P[47:0] is not pipelined (MREG=0). Pipelining the multiplier function will improve performance and will save significant power so it is suggested whenever possible to fully pipeline this function.  If this multiplier was inferred, it is suggested to describe an additional register stage after this function.  If there is no registered adder/accumulator following the multiply function, two pipeline stages are suggested to allow both the MREG and PREG registers to be used.  If the DSP48 was instantiated in the design, it is suggested to set both the MREG and PREG attributes to 1 when performing multiply functions.
Related violations: <none>

DPOP-2#38 Warning
MREG Output pipelining  
DSP ml_core/gen_dsp[43].u_dsp/dsp_macro multiplier stage ml_core/gen_dsp[43].u_dsp/dsp_macro/P[47:0] is not pipelined (MREG=0). Pipelining the multiplier function will improve performance and will save significant power so it is suggested whenever possible to fully pipeline this function.  If this multiplier was inferred, it is suggested to describe an additional register stage after this function.  If there is no registered adder/accumulator following the multiply function, two pipeline stages are suggested to allow both the MREG and PREG registers to be used.  If the DSP48 was instantiated in the design, it is suggested to set both the MREG and PREG attributes to 1 when performing multiply functions.
Related violations: <none>

DPOP-2#39 Warning
MREG Output pipelining  
DSP ml_core/gen_dsp[44].u_dsp/dsp_macro multiplier stage ml_core/gen_dsp[44].u_dsp/dsp_macro/P[47:0] is not pipelined (MREG=0). Pipelining the multiplier function will improve performance and will save significant power so it is suggested whenever possible to fully pipeline this function.  If this multiplier was inferred, it is suggested to describe an additional register stage after this function.  If there is no registered adder/accumulator following the multiply function, two pipeline stages are suggested to allow both the MREG and PREG registers to be used.  If the DSP48 was instantiated in the design, it is suggested to set both the MREG and PREG attributes to 1 when performing multiply functions.
Related violations: <none>

DPOP-2#40 Warning
MREG Output pipelining  
DSP ml_core/gen_dsp[45].u_dsp/dsp_macro multiplier stage ml_core/gen_dsp[45].u_dsp/dsp_macro/P[47:0] is not pipelined (MREG=0). Pipelining the multiplier function will improve performance and will save significant power so it is suggested whenever possible to fully pipeline this function.  If this multiplier was inferred, it is suggested to describe an additional register stage after this function.  If there is no registered adder/accumulator following the multiply function, two pipeline stages are suggested to allow both the MREG and PREG registers to be used.  If the DSP48 was instantiated in the design, it is suggested to set both the MREG and PREG attributes to 1 when performing multiply functions.
Related violations: <none>

DPOP-2#41 Warning
MREG Output pipelining  
DSP ml_core/gen_dsp[46].u_dsp/dsp_macro multiplier stage ml_core/gen_dsp[46].u_dsp/dsp_macro/P[47:0] is not pipelined (MREG=0). Pipelining the multiplier function will improve performance and will save significant power so it is suggested whenever possible to fully pipeline this function.  If this multiplier was inferred, it is suggested to describe an additional register stage after this function.  If there is no registered adder/accumulator following the multiply function, two pipeline stages are suggested to allow both the MREG and PREG registers to be used.  If the DSP48 was instantiated in the design, it is suggested to set both the MREG and PREG attributes to 1 when performing multiply functions.
Related violations: <none>

DPOP-2#42 Warning
MREG Output pipelining  
DSP ml_core/gen_dsp[47].u_dsp/dsp_macro multiplier stage ml_core/gen_dsp[47].u_dsp/dsp_macro/P[47:0] is not pipelined (MREG=0). Pipelining the multiplier function will improve performance and will save significant power so it is suggested whenever possible to fully pipeline this function.  If this multiplier was inferred, it is suggested to describe an additional register stage after this function.  If there is no registered adder/accumulator following the multiply function, two pipeline stages are suggested to allow both the MREG and PREG registers to be used.  If the DSP48 was instantiated in the design, it is suggested to set both the MREG and PREG attributes to 1 when performing multiply functions.
Related violations: <none>

DPOP-2#43 Warning
MREG Output pipelining  
DSP ml_core/gen_dsp[48].u_dsp/dsp_macro multiplier stage ml_core/gen_dsp[48].u_dsp/dsp_macro/P[47:0] is not pipelined (MREG=0). Pipelining the multiplier function will improve performance and will save significant power so it is suggested whenever possible to fully pipeline this function.  If this multiplier was inferred, it is suggested to describe an additional register stage after this function.  If there is no registered adder/accumulator following the multiply function, two pipeline stages are suggested to allow both the MREG and PREG registers to be used.  If the DSP48 was instantiated in the design, it is suggested to set both the MREG and PREG attributes to 1 when performing multiply functions.
Related violations: <none>

DPOP-2#44 Warning
MREG Output pipelining  
DSP ml_core/gen_dsp[49].u_dsp/dsp_macro multiplier stage ml_core/gen_dsp[49].u_dsp/dsp_macro/P[47:0] is not pipelined (MREG=0). Pipelining the multiplier function will improve performance and will save significant power so it is suggested whenever possible to fully pipeline this function.  If this multiplier was inferred, it is suggested to describe an additional register stage after this function.  If there is no registered adder/accumulator following the multiply function, two pipeline stages are suggested to allow both the MREG and PREG registers to be used.  If the DSP48 was instantiated in the design, it is suggested to set both the MREG and PREG attributes to 1 when performing multiply functions.
Related violations: <none>

DPOP-2#45 Warning
MREG Output pipelining  
DSP ml_core/gen_dsp[4].u_dsp/dsp_macro multiplier stage ml_core/gen_dsp[4].u_dsp/dsp_macro/P[47:0] is not pipelined (MREG=0). Pipelining the multiplier function will improve performance and will save significant power so it is suggested whenever possible to fully pipeline this function.  If this multiplier was inferred, it is suggested to describe an additional register stage after this function.  If there is no registered adder/accumulator following the multiply function, two pipeline stages are suggested to allow both the MREG and PREG registers to be used.  If the DSP48 was instantiated in the design, it is suggested to set both the MREG and PREG attributes to 1 when performing multiply functions.
Related violations: <none>

DPOP-2#46 Warning
MREG Output pipelining  
DSP ml_core/gen_dsp[50].u_dsp/dsp_macro multiplier stage ml_core/gen_dsp[50].u_dsp/dsp_macro/P[47:0] is not pipelined (MREG=0). Pipelining the multiplier function will improve performance and will save significant power so it is suggested whenever possible to fully pipeline this function.  If this multiplier was inferred, it is suggested to describe an additional register stage after this function.  If there is no registered adder/accumulator following the multiply function, two pipeline stages are suggested to allow both the MREG and PREG registers to be used.  If the DSP48 was instantiated in the design, it is suggested to set both the MREG and PREG attributes to 1 when performing multiply functions.
Related violations: <none>

DPOP-2#47 Warning
MREG Output pipelining  
DSP ml_core/gen_dsp[51].u_dsp/dsp_macro multiplier stage ml_core/gen_dsp[51].u_dsp/dsp_macro/P[47:0] is not pipelined (MREG=0). Pipelining the multiplier function will improve performance and will save significant power so it is suggested whenever possible to fully pipeline this function.  If this multiplier was inferred, it is suggested to describe an additional register stage after this function.  If there is no registered adder/accumulator following the multiply function, two pipeline stages are suggested to allow both the MREG and PREG registers to be used.  If the DSP48 was instantiated in the design, it is suggested to set both the MREG and PREG attributes to 1 when performing multiply functions.
Related violations: <none>

DPOP-2#48 Warning
MREG Output pipelining  
DSP ml_core/gen_dsp[52].u_dsp/dsp_macro multiplier stage ml_core/gen_dsp[52].u_dsp/dsp_macro/P[47:0] is not pipelined (MREG=0). Pipelining the multiplier function will improve performance and will save significant power so it is suggested whenever possible to fully pipeline this function.  If this multiplier was inferred, it is suggested to describe an additional register stage after this function.  If there is no registered adder/accumulator following the multiply function, two pipeline stages are suggested to allow both the MREG and PREG registers to be used.  If the DSP48 was instantiated in the design, it is suggested to set both the MREG and PREG attributes to 1 when performing multiply functions.
Related violations: <none>

DPOP-2#49 Warning
MREG Output pipelining  
DSP ml_core/gen_dsp[53].u_dsp/dsp_macro multiplier stage ml_core/gen_dsp[53].u_dsp/dsp_macro/P[47:0] is not pipelined (MREG=0). Pipelining the multiplier function will improve performance and will save significant power so it is suggested whenever possible to fully pipeline this function.  If this multiplier was inferred, it is suggested to describe an additional register stage after this function.  If there is no registered adder/accumulator following the multiply function, two pipeline stages are suggested to allow both the MREG and PREG registers to be used.  If the DSP48 was instantiated in the design, it is suggested to set both the MREG and PREG attributes to 1 when performing multiply functions.
Related violations: <none>

DPOP-2#50 Warning
MREG Output pipelining  
DSP ml_core/gen_dsp[54].u_dsp/dsp_macro multiplier stage ml_core/gen_dsp[54].u_dsp/dsp_macro/P[47:0] is not pipelined (MREG=0). Pipelining the multiplier function will improve performance and will save significant power so it is suggested whenever possible to fully pipeline this function.  If this multiplier was inferred, it is suggested to describe an additional register stage after this function.  If there is no registered adder/accumulator following the multiply function, two pipeline stages are suggested to allow both the MREG and PREG registers to be used.  If the DSP48 was instantiated in the design, it is suggested to set both the MREG and PREG attributes to 1 when performing multiply functions.
Related violations: <none>

DPOP-2#51 Warning
MREG Output pipelining  
DSP ml_core/gen_dsp[55].u_dsp/dsp_macro multiplier stage ml_core/gen_dsp[55].u_dsp/dsp_macro/P[47:0] is not pipelined (MREG=0). Pipelining the multiplier function will improve performance and will save significant power so it is suggested whenever possible to fully pipeline this function.  If this multiplier was inferred, it is suggested to describe an additional register stage after this function.  If there is no registered adder/accumulator following the multiply function, two pipeline stages are suggested to allow both the MREG and PREG registers to be used.  If the DSP48 was instantiated in the design, it is suggested to set both the MREG and PREG attributes to 1 when performing multiply functions.
Related violations: <none>

DPOP-2#52 Warning
MREG Output pipelining  
DSP ml_core/gen_dsp[56].u_dsp/dsp_macro multiplier stage ml_core/gen_dsp[56].u_dsp/dsp_macro/P[47:0] is not pipelined (MREG=0). Pipelining the multiplier function will improve performance and will save significant power so it is suggested whenever possible to fully pipeline this function.  If this multiplier was inferred, it is suggested to describe an additional register stage after this function.  If there is no registered adder/accumulator following the multiply function, two pipeline stages are suggested to allow both the MREG and PREG registers to be used.  If the DSP48 was instantiated in the design, it is suggested to set both the MREG and PREG attributes to 1 when performing multiply functions.
Related violations: <none>

DPOP-2#53 Warning
MREG Output pipelining  
DSP ml_core/gen_dsp[57].u_dsp/dsp_macro multiplier stage ml_core/gen_dsp[57].u_dsp/dsp_macro/P[47:0] is not pipelined (MREG=0). Pipelining the multiplier function will improve performance and will save significant power so it is suggested whenever possible to fully pipeline this function.  If this multiplier was inferred, it is suggested to describe an additional register stage after this function.  If there is no registered adder/accumulator following the multiply function, two pipeline stages are suggested to allow both the MREG and PREG registers to be used.  If the DSP48 was instantiated in the design, it is suggested to set both the MREG and PREG attributes to 1 when performing multiply functions.
Related violations: <none>

DPOP-2#54 Warning
MREG Output pipelining  
DSP ml_core/gen_dsp[58].u_dsp/dsp_macro multiplier stage ml_core/gen_dsp[58].u_dsp/dsp_macro/P[47:0] is not pipelined (MREG=0). Pipelining the multiplier function will improve performance and will save significant power so it is suggested whenever possible to fully pipeline this function.  If this multiplier was inferred, it is suggested to describe an additional register stage after this function.  If there is no registered adder/accumulator following the multiply function, two pipeline stages are suggested to allow both the MREG and PREG registers to be used.  If the DSP48 was instantiated in the design, it is suggested to set both the MREG and PREG attributes to 1 when performing multiply functions.
Related violations: <none>

DPOP-2#55 Warning
MREG Output pipelining  
DSP ml_core/gen_dsp[59].u_dsp/dsp_macro multiplier stage ml_core/gen_dsp[59].u_dsp/dsp_macro/P[47:0] is not pipelined (MREG=0). Pipelining the multiplier function will improve performance and will save significant power so it is suggested whenever possible to fully pipeline this function.  If this multiplier was inferred, it is suggested to describe an additional register stage after this function.  If there is no registered adder/accumulator following the multiply function, two pipeline stages are suggested to allow both the MREG and PREG registers to be used.  If the DSP48 was instantiated in the design, it is suggested to set both the MREG and PREG attributes to 1 when performing multiply functions.
Related violations: <none>

DPOP-2#56 Warning
MREG Output pipelining  
DSP ml_core/gen_dsp[5].u_dsp/dsp_macro multiplier stage ml_core/gen_dsp[5].u_dsp/dsp_macro/P[47:0] is not pipelined (MREG=0). Pipelining the multiplier function will improve performance and will save significant power so it is suggested whenever possible to fully pipeline this function.  If this multiplier was inferred, it is suggested to describe an additional register stage after this function.  If there is no registered adder/accumulator following the multiply function, two pipeline stages are suggested to allow both the MREG and PREG registers to be used.  If the DSP48 was instantiated in the design, it is suggested to set both the MREG and PREG attributes to 1 when performing multiply functions.
Related violations: <none>

DPOP-2#57 Warning
MREG Output pipelining  
DSP ml_core/gen_dsp[60].u_dsp/dsp_macro multiplier stage ml_core/gen_dsp[60].u_dsp/dsp_macro/P[47:0] is not pipelined (MREG=0). Pipelining the multiplier function will improve performance and will save significant power so it is suggested whenever possible to fully pipeline this function.  If this multiplier was inferred, it is suggested to describe an additional register stage after this function.  If there is no registered adder/accumulator following the multiply function, two pipeline stages are suggested to allow both the MREG and PREG registers to be used.  If the DSP48 was instantiated in the design, it is suggested to set both the MREG and PREG attributes to 1 when performing multiply functions.
Related violations: <none>

DPOP-2#58 Warning
MREG Output pipelining  
DSP ml_core/gen_dsp[61].u_dsp/dsp_macro multiplier stage ml_core/gen_dsp[61].u_dsp/dsp_macro/P[47:0] is not pipelined (MREG=0). Pipelining the multiplier function will improve performance and will save significant power so it is suggested whenever possible to fully pipeline this function.  If this multiplier was inferred, it is suggested to describe an additional register stage after this function.  If there is no registered adder/accumulator following the multiply function, two pipeline stages are suggested to allow both the MREG and PREG registers to be used.  If the DSP48 was instantiated in the design, it is suggested to set both the MREG and PREG attributes to 1 when performing multiply functions.
Related violations: <none>

DPOP-2#59 Warning
MREG Output pipelining  
DSP ml_core/gen_dsp[62].u_dsp/dsp_macro multiplier stage ml_core/gen_dsp[62].u_dsp/dsp_macro/P[47:0] is not pipelined (MREG=0). Pipelining the multiplier function will improve performance and will save significant power so it is suggested whenever possible to fully pipeline this function.  If this multiplier was inferred, it is suggested to describe an additional register stage after this function.  If there is no registered adder/accumulator following the multiply function, two pipeline stages are suggested to allow both the MREG and PREG registers to be used.  If the DSP48 was instantiated in the design, it is suggested to set both the MREG and PREG attributes to 1 when performing multiply functions.
Related violations: <none>

DPOP-2#60 Warning
MREG Output pipelining  
DSP ml_core/gen_dsp[63].u_dsp/dsp_macro multiplier stage ml_core/gen_dsp[63].u_dsp/dsp_macro/P[47:0] is not pipelined (MREG=0). Pipelining the multiplier function will improve performance and will save significant power so it is suggested whenever possible to fully pipeline this function.  If this multiplier was inferred, it is suggested to describe an additional register stage after this function.  If there is no registered adder/accumulator following the multiply function, two pipeline stages are suggested to allow both the MREG and PREG registers to be used.  If the DSP48 was instantiated in the design, it is suggested to set both the MREG and PREG attributes to 1 when performing multiply functions.
Related violations: <none>

DPOP-2#61 Warning
MREG Output pipelining  
DSP ml_core/gen_dsp[6].u_dsp/dsp_macro multiplier stage ml_core/gen_dsp[6].u_dsp/dsp_macro/P[47:0] is not pipelined (MREG=0). Pipelining the multiplier function will improve performance and will save significant power so it is suggested whenever possible to fully pipeline this function.  If this multiplier was inferred, it is suggested to describe an additional register stage after this function.  If there is no registered adder/accumulator following the multiply function, two pipeline stages are suggested to allow both the MREG and PREG registers to be used.  If the DSP48 was instantiated in the design, it is suggested to set both the MREG and PREG attributes to 1 when performing multiply functions.
Related violations: <none>

DPOP-2#62 Warning
MREG Output pipelining  
DSP ml_core/gen_dsp[7].u_dsp/dsp_macro multiplier stage ml_core/gen_dsp[7].u_dsp/dsp_macro/P[47:0] is not pipelined (MREG=0). Pipelining the multiplier function will improve performance and will save significant power so it is suggested whenever possible to fully pipeline this function.  If this multiplier was inferred, it is suggested to describe an additional register stage after this function.  If there is no registered adder/accumulator following the multiply function, two pipeline stages are suggested to allow both the MREG and PREG registers to be used.  If the DSP48 was instantiated in the design, it is suggested to set both the MREG and PREG attributes to 1 when performing multiply functions.
Related violations: <none>

DPOP-2#63 Warning
MREG Output pipelining  
DSP ml_core/gen_dsp[8].u_dsp/dsp_macro multiplier stage ml_core/gen_dsp[8].u_dsp/dsp_macro/P[47:0] is not pipelined (MREG=0). Pipelining the multiplier function will improve performance and will save significant power so it is suggested whenever possible to fully pipeline this function.  If this multiplier was inferred, it is suggested to describe an additional register stage after this function.  If there is no registered adder/accumulator following the multiply function, two pipeline stages are suggested to allow both the MREG and PREG registers to be used.  If the DSP48 was instantiated in the design, it is suggested to set both the MREG and PREG attributes to 1 when performing multiply functions.
Related violations: <none>

DPOP-2#64 Warning
MREG Output pipelining  
DSP ml_core/gen_dsp[9].u_dsp/dsp_macro multiplier stage ml_core/gen_dsp[9].u_dsp/dsp_macro/P[47:0] is not pipelined (MREG=0). Pipelining the multiplier function will improve performance and will save significant power so it is suggested whenever possible to fully pipeline this function.  If this multiplier was inferred, it is suggested to describe an additional register stage after this function.  If there is no registered adder/accumulator following the multiply function, two pipeline stages are suggested to allow both the MREG and PREG registers to be used.  If the DSP48 was instantiated in the design, it is suggested to set both the MREG and PREG attributes to 1 when performing multiply functions.
Related violations: <none>

REQP-30#1 Advisory
enum_MREG_0_connects_CEM_GND  
ml_core/gen_dsp[0].u_dsp/dsp_macro: When the DSP48E1 MREG attribute is set to 0, the CEM input pin should be tied to GND to save power.
Related violations: <none>

REQP-30#2 Advisory
enum_MREG_0_connects_CEM_GND  
ml_core/gen_dsp[10].u_dsp/dsp_macro: When the DSP48E1 MREG attribute is set to 0, the CEM input pin should be tied to GND to save power.
Related violations: <none>

REQP-30#3 Advisory
enum_MREG_0_connects_CEM_GND  
ml_core/gen_dsp[11].u_dsp/dsp_macro: When the DSP48E1 MREG attribute is set to 0, the CEM input pin should be tied to GND to save power.
Related violations: <none>

REQP-30#4 Advisory
enum_MREG_0_connects_CEM_GND  
ml_core/gen_dsp[12].u_dsp/dsp_macro: When the DSP48E1 MREG attribute is set to 0, the CEM input pin should be tied to GND to save power.
Related violations: <none>

REQP-30#5 Advisory
enum_MREG_0_connects_CEM_GND  
ml_core/gen_dsp[13].u_dsp/dsp_macro: When the DSP48E1 MREG attribute is set to 0, the CEM input pin should be tied to GND to save power.
Related violations: <none>

REQP-30#6 Advisory
enum_MREG_0_connects_CEM_GND  
ml_core/gen_dsp[14].u_dsp/dsp_macro: When the DSP48E1 MREG attribute is set to 0, the CEM input pin should be tied to GND to save power.
Related violations: <none>

REQP-30#7 Advisory
enum_MREG_0_connects_CEM_GND  
ml_core/gen_dsp[15].u_dsp/dsp_macro: When the DSP48E1 MREG attribute is set to 0, the CEM input pin should be tied to GND to save power.
Related violations: <none>

REQP-30#8 Advisory
enum_MREG_0_connects_CEM_GND  
ml_core/gen_dsp[16].u_dsp/dsp_macro: When the DSP48E1 MREG attribute is set to 0, the CEM input pin should be tied to GND to save power.
Related violations: <none>

REQP-30#9 Advisory
enum_MREG_0_connects_CEM_GND  
ml_core/gen_dsp[17].u_dsp/dsp_macro: When the DSP48E1 MREG attribute is set to 0, the CEM input pin should be tied to GND to save power.
Related violations: <none>

REQP-30#10 Advisory
enum_MREG_0_connects_CEM_GND  
ml_core/gen_dsp[18].u_dsp/dsp_macro: When the DSP48E1 MREG attribute is set to 0, the CEM input pin should be tied to GND to save power.
Related violations: <none>

REQP-30#11 Advisory
enum_MREG_0_connects_CEM_GND  
ml_core/gen_dsp[19].u_dsp/dsp_macro: When the DSP48E1 MREG attribute is set to 0, the CEM input pin should be tied to GND to save power.
Related violations: <none>

REQP-30#12 Advisory
enum_MREG_0_connects_CEM_GND  
ml_core/gen_dsp[1].u_dsp/dsp_macro: When the DSP48E1 MREG attribute is set to 0, the CEM input pin should be tied to GND to save power.
Related violations: <none>

REQP-30#13 Advisory
enum_MREG_0_connects_CEM_GND  
ml_core/gen_dsp[20].u_dsp/dsp_macro: When the DSP48E1 MREG attribute is set to 0, the CEM input pin should be tied to GND to save power.
Related violations: <none>

REQP-30#14 Advisory
enum_MREG_0_connects_CEM_GND  
ml_core/gen_dsp[21].u_dsp/dsp_macro: When the DSP48E1 MREG attribute is set to 0, the CEM input pin should be tied to GND to save power.
Related violations: <none>

REQP-30#15 Advisory
enum_MREG_0_connects_CEM_GND  
ml_core/gen_dsp[22].u_dsp/dsp_macro: When the DSP48E1 MREG attribute is set to 0, the CEM input pin should be tied to GND to save power.
Related violations: <none>

REQP-30#16 Advisory
enum_MREG_0_connects_CEM_GND  
ml_core/gen_dsp[23].u_dsp/dsp_macro: When the DSP48E1 MREG attribute is set to 0, the CEM input pin should be tied to GND to save power.
Related violations: <none>

REQP-30#17 Advisory
enum_MREG_0_connects_CEM_GND  
ml_core/gen_dsp[24].u_dsp/dsp_macro: When the DSP48E1 MREG attribute is set to 0, the CEM input pin should be tied to GND to save power.
Related violations: <none>

REQP-30#18 Advisory
enum_MREG_0_connects_CEM_GND  
ml_core/gen_dsp[25].u_dsp/dsp_macro: When the DSP48E1 MREG attribute is set to 0, the CEM input pin should be tied to GND to save power.
Related violations: <none>

REQP-30#19 Advisory
enum_MREG_0_connects_CEM_GND  
ml_core/gen_dsp[26].u_dsp/dsp_macro: When the DSP48E1 MREG attribute is set to 0, the CEM input pin should be tied to GND to save power.
Related violations: <none>

REQP-30#20 Advisory
enum_MREG_0_connects_CEM_GND  
ml_core/gen_dsp[27].u_dsp/dsp_macro: When the DSP48E1 MREG attribute is set to 0, the CEM input pin should be tied to GND to save power.
Related violations: <none>

REQP-30#21 Advisory
enum_MREG_0_connects_CEM_GND  
ml_core/gen_dsp[28].u_dsp/dsp_macro: When the DSP48E1 MREG attribute is set to 0, the CEM input pin should be tied to GND to save power.
Related violations: <none>

REQP-30#22 Advisory
enum_MREG_0_connects_CEM_GND  
ml_core/gen_dsp[29].u_dsp/dsp_macro: When the DSP48E1 MREG attribute is set to 0, the CEM input pin should be tied to GND to save power.
Related violations: <none>

REQP-30#23 Advisory
enum_MREG_0_connects_CEM_GND  
ml_core/gen_dsp[2].u_dsp/dsp_macro: When the DSP48E1 MREG attribute is set to 0, the CEM input pin should be tied to GND to save power.
Related violations: <none>

REQP-30#24 Advisory
enum_MREG_0_connects_CEM_GND  
ml_core/gen_dsp[30].u_dsp/dsp_macro: When the DSP48E1 MREG attribute is set to 0, the CEM input pin should be tied to GND to save power.
Related violations: <none>

REQP-30#25 Advisory
enum_MREG_0_connects_CEM_GND  
ml_core/gen_dsp[31].u_dsp/dsp_macro: When the DSP48E1 MREG attribute is set to 0, the CEM input pin should be tied to GND to save power.
Related violations: <none>

REQP-30#26 Advisory
enum_MREG_0_connects_CEM_GND  
ml_core/gen_dsp[32].u_dsp/dsp_macro: When the DSP48E1 MREG attribute is set to 0, the CEM input pin should be tied to GND to save power.
Related violations: <none>

REQP-30#27 Advisory
enum_MREG_0_connects_CEM_GND  
ml_core/gen_dsp[33].u_dsp/dsp_macro: When the DSP48E1 MREG attribute is set to 0, the CEM input pin should be tied to GND to save power.
Related violations: <none>

REQP-30#28 Advisory
enum_MREG_0_connects_CEM_GND  
ml_core/gen_dsp[34].u_dsp/dsp_macro: When the DSP48E1 MREG attribute is set to 0, the CEM input pin should be tied to GND to save power.
Related violations: <none>

REQP-30#29 Advisory
enum_MREG_0_connects_CEM_GND  
ml_core/gen_dsp[35].u_dsp/dsp_macro: When the DSP48E1 MREG attribute is set to 0, the CEM input pin should be tied to GND to save power.
Related violations: <none>

REQP-30#30 Advisory
enum_MREG_0_connects_CEM_GND  
ml_core/gen_dsp[36].u_dsp/dsp_macro: When the DSP48E1 MREG attribute is set to 0, the CEM input pin should be tied to GND to save power.
Related violations: <none>

REQP-30#31 Advisory
enum_MREG_0_connects_CEM_GND  
ml_core/gen_dsp[37].u_dsp/dsp_macro: When the DSP48E1 MREG attribute is set to 0, the CEM input pin should be tied to GND to save power.
Related violations: <none>

REQP-30#32 Advisory
enum_MREG_0_connects_CEM_GND  
ml_core/gen_dsp[38].u_dsp/dsp_macro: When the DSP48E1 MREG attribute is set to 0, the CEM input pin should be tied to GND to save power.
Related violations: <none>

REQP-30#33 Advisory
enum_MREG_0_connects_CEM_GND  
ml_core/gen_dsp[39].u_dsp/dsp_macro: When the DSP48E1 MREG attribute is set to 0, the CEM input pin should be tied to GND to save power.
Related violations: <none>

REQP-30#34 Advisory
enum_MREG_0_connects_CEM_GND  
ml_core/gen_dsp[3].u_dsp/dsp_macro: When the DSP48E1 MREG attribute is set to 0, the CEM input pin should be tied to GND to save power.
Related violations: <none>

REQP-30#35 Advisory
enum_MREG_0_connects_CEM_GND  
ml_core/gen_dsp[40].u_dsp/dsp_macro: When the DSP48E1 MREG attribute is set to 0, the CEM input pin should be tied to GND to save power.
Related violations: <none>

REQP-30#36 Advisory
enum_MREG_0_connects_CEM_GND  
ml_core/gen_dsp[41].u_dsp/dsp_macro: When the DSP48E1 MREG attribute is set to 0, the CEM input pin should be tied to GND to save power.
Related violations: <none>

REQP-30#37 Advisory
enum_MREG_0_connects_CEM_GND  
ml_core/gen_dsp[42].u_dsp/dsp_macro: When the DSP48E1 MREG attribute is set to 0, the CEM input pin should be tied to GND to save power.
Related violations: <none>

REQP-30#38 Advisory
enum_MREG_0_connects_CEM_GND  
ml_core/gen_dsp[43].u_dsp/dsp_macro: When the DSP48E1 MREG attribute is set to 0, the CEM input pin should be tied to GND to save power.
Related violations: <none>

REQP-30#39 Advisory
enum_MREG_0_connects_CEM_GND  
ml_core/gen_dsp[44].u_dsp/dsp_macro: When the DSP48E1 MREG attribute is set to 0, the CEM input pin should be tied to GND to save power.
Related violations: <none>

REQP-30#40 Advisory
enum_MREG_0_connects_CEM_GND  
ml_core/gen_dsp[45].u_dsp/dsp_macro: When the DSP48E1 MREG attribute is set to 0, the CEM input pin should be tied to GND to save power.
Related violations: <none>

REQP-30#41 Advisory
enum_MREG_0_connects_CEM_GND  
ml_core/gen_dsp[46].u_dsp/dsp_macro: When the DSP48E1 MREG attribute is set to 0, the CEM input pin should be tied to GND to save power.
Related violations: <none>

REQP-30#42 Advisory
enum_MREG_0_connects_CEM_GND  
ml_core/gen_dsp[47].u_dsp/dsp_macro: When the DSP48E1 MREG attribute is set to 0, the CEM input pin should be tied to GND to save power.
Related violations: <none>

REQP-30#43 Advisory
enum_MREG_0_connects_CEM_GND  
ml_core/gen_dsp[48].u_dsp/dsp_macro: When the DSP48E1 MREG attribute is set to 0, the CEM input pin should be tied to GND to save power.
Related violations: <none>

REQP-30#44 Advisory
enum_MREG_0_connects_CEM_GND  
ml_core/gen_dsp[49].u_dsp/dsp_macro: When the DSP48E1 MREG attribute is set to 0, the CEM input pin should be tied to GND to save power.
Related violations: <none>

REQP-30#45 Advisory
enum_MREG_0_connects_CEM_GND  
ml_core/gen_dsp[4].u_dsp/dsp_macro: When the DSP48E1 MREG attribute is set to 0, the CEM input pin should be tied to GND to save power.
Related violations: <none>

REQP-30#46 Advisory
enum_MREG_0_connects_CEM_GND  
ml_core/gen_dsp[50].u_dsp/dsp_macro: When the DSP48E1 MREG attribute is set to 0, the CEM input pin should be tied to GND to save power.
Related violations: <none>

REQP-30#47 Advisory
enum_MREG_0_connects_CEM_GND  
ml_core/gen_dsp[51].u_dsp/dsp_macro: When the DSP48E1 MREG attribute is set to 0, the CEM input pin should be tied to GND to save power.
Related violations: <none>

REQP-30#48 Advisory
enum_MREG_0_connects_CEM_GND  
ml_core/gen_dsp[52].u_dsp/dsp_macro: When the DSP48E1 MREG attribute is set to 0, the CEM input pin should be tied to GND to save power.
Related violations: <none>

REQP-30#49 Advisory
enum_MREG_0_connects_CEM_GND  
ml_core/gen_dsp[53].u_dsp/dsp_macro: When the DSP48E1 MREG attribute is set to 0, the CEM input pin should be tied to GND to save power.
Related violations: <none>

REQP-30#50 Advisory
enum_MREG_0_connects_CEM_GND  
ml_core/gen_dsp[54].u_dsp/dsp_macro: When the DSP48E1 MREG attribute is set to 0, the CEM input pin should be tied to GND to save power.
Related violations: <none>

REQP-30#51 Advisory
enum_MREG_0_connects_CEM_GND  
ml_core/gen_dsp[55].u_dsp/dsp_macro: When the DSP48E1 MREG attribute is set to 0, the CEM input pin should be tied to GND to save power.
Related violations: <none>

REQP-30#52 Advisory
enum_MREG_0_connects_CEM_GND  
ml_core/gen_dsp[56].u_dsp/dsp_macro: When the DSP48E1 MREG attribute is set to 0, the CEM input pin should be tied to GND to save power.
Related violations: <none>

REQP-30#53 Advisory
enum_MREG_0_connects_CEM_GND  
ml_core/gen_dsp[57].u_dsp/dsp_macro: When the DSP48E1 MREG attribute is set to 0, the CEM input pin should be tied to GND to save power.
Related violations: <none>

REQP-30#54 Advisory
enum_MREG_0_connects_CEM_GND  
ml_core/gen_dsp[58].u_dsp/dsp_macro: When the DSP48E1 MREG attribute is set to 0, the CEM input pin should be tied to GND to save power.
Related violations: <none>

REQP-30#55 Advisory
enum_MREG_0_connects_CEM_GND  
ml_core/gen_dsp[59].u_dsp/dsp_macro: When the DSP48E1 MREG attribute is set to 0, the CEM input pin should be tied to GND to save power.
Related violations: <none>

REQP-30#56 Advisory
enum_MREG_0_connects_CEM_GND  
ml_core/gen_dsp[5].u_dsp/dsp_macro: When the DSP48E1 MREG attribute is set to 0, the CEM input pin should be tied to GND to save power.
Related violations: <none>

REQP-30#57 Advisory
enum_MREG_0_connects_CEM_GND  
ml_core/gen_dsp[60].u_dsp/dsp_macro: When the DSP48E1 MREG attribute is set to 0, the CEM input pin should be tied to GND to save power.
Related violations: <none>

REQP-30#58 Advisory
enum_MREG_0_connects_CEM_GND  
ml_core/gen_dsp[61].u_dsp/dsp_macro: When the DSP48E1 MREG attribute is set to 0, the CEM input pin should be tied to GND to save power.
Related violations: <none>

REQP-30#59 Advisory
enum_MREG_0_connects_CEM_GND  
ml_core/gen_dsp[62].u_dsp/dsp_macro: When the DSP48E1 MREG attribute is set to 0, the CEM input pin should be tied to GND to save power.
Related violations: <none>

REQP-30#60 Advisory
enum_MREG_0_connects_CEM_GND  
ml_core/gen_dsp[63].u_dsp/dsp_macro: When the DSP48E1 MREG attribute is set to 0, the CEM input pin should be tied to GND to save power.
Related violations: <none>

REQP-30#61 Advisory
enum_MREG_0_connects_CEM_GND  
ml_core/gen_dsp[6].u_dsp/dsp_macro: When the DSP48E1 MREG attribute is set to 0, the CEM input pin should be tied to GND to save power.
Related violations: <none>

REQP-30#62 Advisory
enum_MREG_0_connects_CEM_GND  
ml_core/gen_dsp[7].u_dsp/dsp_macro: When the DSP48E1 MREG attribute is set to 0, the CEM input pin should be tied to GND to save power.
Related violations: <none>

REQP-30#63 Advisory
enum_MREG_0_connects_CEM_GND  
ml_core/gen_dsp[8].u_dsp/dsp_macro: When the DSP48E1 MREG attribute is set to 0, the CEM input pin should be tied to GND to save power.
Related violations: <none>

REQP-30#64 Advisory
enum_MREG_0_connects_CEM_GND  
ml_core/gen_dsp[9].u_dsp/dsp_macro: When the DSP48E1 MREG attribute is set to 0, the CEM input pin should be tied to GND to save power.
Related violations: <none>


